[2023-07-21 23:54:01,661] {taskinstance.py:1159} INFO - Dependencies all met for <TaskInstance: dag_digitalskola_finalproject.insert_data_to_district_daily manual__2023-07-21T23:50:39.250576+00:00 [queued]>
[2023-07-21 23:54:01,695] {taskinstance.py:1159} INFO - Dependencies all met for <TaskInstance: dag_digitalskola_finalproject.insert_data_to_district_daily manual__2023-07-21T23:50:39.250576+00:00 [queued]>
[2023-07-21 23:54:01,700] {taskinstance.py:1356} INFO - 
--------------------------------------------------------------------------------
[2023-07-21 23:54:01,703] {taskinstance.py:1357} INFO - Starting attempt 1 of 1
[2023-07-21 23:54:01,706] {taskinstance.py:1358} INFO - 
--------------------------------------------------------------------------------
[2023-07-21 23:54:01,737] {taskinstance.py:1377} INFO - Executing <Task(PythonOperator): insert_data_to_district_daily> on 2023-07-21 23:50:39.250576+00:00
[2023-07-21 23:54:01,754] {standard_task_runner.py:52} INFO - Started process 5667 to run task
[2023-07-21 23:54:01,761] {standard_task_runner.py:79} INFO - Running: ['***', 'tasks', 'run', 'dag_digitalskola_finalproject', 'insert_data_to_district_daily', 'manual__2023-07-21T23:50:39.250576+00:00', '--job-id', '109', '--raw', '--subdir', 'DAGS_FOLDER/dag_digitalskola_finalproject.py', '--cfg-path', '/tmp/tmpb05snn61', '--error-file', '/tmp/tmpuizuv8dm']
[2023-07-21 23:54:01,764] {standard_task_runner.py:80} INFO - Job 109: Subtask insert_data_to_district_daily
[2023-07-21 23:54:01,894] {task_command.py:369} INFO - Running <TaskInstance: dag_digitalskola_finalproject.insert_data_to_district_daily manual__2023-07-21T23:50:39.250576+00:00 [running]> on host 34be34978432
[2023-07-21 23:54:02,042] {taskinstance.py:1571} INFO - Exporting the following env vars:
AIRFLOW_CTX_DAG_OWNER=***
AIRFLOW_CTX_DAG_ID=dag_digitalskola_finalproject
AIRFLOW_CTX_TASK_ID=insert_data_to_district_daily
AIRFLOW_CTX_EXECUTION_DATE=2023-07-21T23:50:39.250576+00:00
AIRFLOW_CTX_TRY_NUMBER=1
AIRFLOW_CTX_DAG_RUN_ID=manual__2023-07-21T23:50:39.250576+00:00
[2023-07-21 23:54:02,434] {transformer.py:22} INFO - GET DATA FROM TABLE covid_jabar SUCCESS
[2023-07-21 23:54:02,855] {transformer.py:28} INFO - GET DATA FROM TABLE dim_case SUCCESS
[2023-07-21 23:54:03,288] {transformer.py:186} INFO - DATA INSERTED SUCCESS TO TABLE district_daily
[2023-07-21 23:54:03,293] {python.py:173} INFO - Done. Returned value was: None
[2023-07-21 23:54:03,329] {taskinstance.py:1400} INFO - Marking task as SUCCESS. dag_id=dag_digitalskola_finalproject, task_id=insert_data_to_district_daily, execution_date=20230721T235039, start_date=20230721T235401, end_date=20230721T235403
[2023-07-21 23:54:03,384] {local_task_job.py:156} INFO - Task exited with return code 0
[2023-07-21 23:54:03,487] {local_task_job.py:273} INFO - 0 downstream tasks scheduled from follow-on schedule check
