[2023-07-21 23:46:47,784] {taskinstance.py:1159} INFO - Dependencies all met for <TaskInstance: dag_digitalskola_finalproject.insert_data_to_dim_case manual__2023-07-21T23:46:17.846159+00:00 [queued]>
[2023-07-21 23:46:47,925] {taskinstance.py:1159} INFO - Dependencies all met for <TaskInstance: dag_digitalskola_finalproject.insert_data_to_dim_case manual__2023-07-21T23:46:17.846159+00:00 [queued]>
[2023-07-21 23:46:47,928] {taskinstance.py:1356} INFO - 
--------------------------------------------------------------------------------
[2023-07-21 23:46:47,931] {taskinstance.py:1357} INFO - Starting attempt 1 of 1
[2023-07-21 23:46:47,938] {taskinstance.py:1358} INFO - 
--------------------------------------------------------------------------------
[2023-07-21 23:46:48,003] {taskinstance.py:1377} INFO - Executing <Task(PythonOperator): insert_data_to_dim_case> on 2023-07-21 23:46:17.846159+00:00
[2023-07-21 23:46:48,030] {standard_task_runner.py:52} INFO - Started process 5565 to run task
[2023-07-21 23:46:48,099] {standard_task_runner.py:79} INFO - Running: ['***', 'tasks', 'run', 'dag_digitalskola_finalproject', 'insert_data_to_dim_case', 'manual__2023-07-21T23:46:17.846159+00:00', '--job-id', '95', '--raw', '--subdir', 'DAGS_FOLDER/dag_digitalskola_finalproject.py', '--cfg-path', '/tmp/tmpypuutjvt', '--error-file', '/tmp/tmps4wvpz8i']
[2023-07-21 23:46:48,103] {standard_task_runner.py:80} INFO - Job 95: Subtask insert_data_to_dim_case
[2023-07-21 23:46:48,370] {task_command.py:369} INFO - Running <TaskInstance: dag_digitalskola_finalproject.insert_data_to_dim_case manual__2023-07-21T23:46:17.846159+00:00 [running]> on host 34be34978432
[2023-07-21 23:46:49,208] {taskinstance.py:1571} INFO - Exporting the following env vars:
AIRFLOW_CTX_DAG_OWNER=***
AIRFLOW_CTX_DAG_ID=dag_digitalskola_finalproject
AIRFLOW_CTX_TASK_ID=insert_data_to_dim_case
AIRFLOW_CTX_EXECUTION_DATE=2023-07-21T23:46:17.846159+00:00
AIRFLOW_CTX_TRY_NUMBER=1
AIRFLOW_CTX_DAG_RUN_ID=manual__2023-07-21T23:46:17.846159+00:00
[2023-07-21 23:46:50,424] {transformer.py:100} INFO - DATA INSERTED SUCCESS TO TABLE dim_case
[2023-07-21 23:46:50,442] {python.py:173} INFO - Done. Returned value was: None
[2023-07-21 23:46:50,496] {taskinstance.py:1400} INFO - Marking task as SUCCESS. dag_id=dag_digitalskola_finalproject, task_id=insert_data_to_dim_case, execution_date=20230721T234617, start_date=20230721T234647, end_date=20230721T234650
[2023-07-21 23:46:50,630] {local_task_job.py:156} INFO - Task exited with return code 0
[2023-07-21 23:46:50,988] {local_task_job.py:273} INFO - 0 downstream tasks scheduled from follow-on schedule check
