[2023-07-21 18:58:57,320] {taskinstance.py:1159} INFO - Dependencies all met for <TaskInstance: dag_digitalskola_finalproject.fetch_covid_data manual__2023-07-21T18:58:48.332993+00:00 [queued]>
[2023-07-21 18:58:57,486] {taskinstance.py:1159} INFO - Dependencies all met for <TaskInstance: dag_digitalskola_finalproject.fetch_covid_data manual__2023-07-21T18:58:48.332993+00:00 [queued]>
[2023-07-21 18:58:57,499] {taskinstance.py:1356} INFO - 
--------------------------------------------------------------------------------
[2023-07-21 18:58:57,505] {taskinstance.py:1357} INFO - Starting attempt 1 of 1
[2023-07-21 18:58:57,518] {taskinstance.py:1358} INFO - 
--------------------------------------------------------------------------------
[2023-07-21 18:58:57,716] {taskinstance.py:1377} INFO - Executing <Task(PythonOperator): fetch_covid_data> on 2023-07-21 18:58:48.332993+00:00
[2023-07-21 18:58:57,763] {standard_task_runner.py:52} INFO - Started process 2445 to run task
[2023-07-21 18:58:57,808] {standard_task_runner.py:79} INFO - Running: ['***', 'tasks', 'run', 'dag_digitalskola_finalproject', 'fetch_covid_data', 'manual__2023-07-21T18:58:48.332993+00:00', '--job-id', '35', '--raw', '--subdir', 'DAGS_FOLDER/dag_digitalskola_finalproject.py', '--cfg-path', '/tmp/tmphv6pqhdj', '--error-file', '/tmp/tmpehqicjch']
[2023-07-21 18:58:57,832] {standard_task_runner.py:80} INFO - Job 35: Subtask fetch_covid_data
[2023-07-21 18:58:58,409] {task_command.py:369} INFO - Running <TaskInstance: dag_digitalskola_finalproject.fetch_covid_data manual__2023-07-21T18:58:48.332993+00:00 [running]> on host 34be34978432
[2023-07-21 18:58:59,050] {taskinstance.py:1571} INFO - Exporting the following env vars:
AIRFLOW_CTX_DAG_OWNER=***
AIRFLOW_CTX_DAG_ID=dag_digitalskola_finalproject
AIRFLOW_CTX_TASK_ID=fetch_covid_data
AIRFLOW_CTX_EXECUTION_DATE=2023-07-21T18:58:48.332993+00:00
AIRFLOW_CTX_TRY_NUMBER=1
AIRFLOW_CTX_DAG_RUN_ID=manual__2023-07-21T18:58:48.332993+00:00
[2023-07-21 18:58:59,194] {covid_scraper.py:13} INFO - GET DATA FROM API COMPLETED
[2023-07-21 18:58:59,220] {covid_scraper.py:15} INFO - CONVERT DATA FROM API TO DATAFRAME COMPLETED
[2023-07-21 18:59:01,197] {dag_digitalskola_finalproject.py:42} INFO - DATA INSERTED SUCCESS TO MYSQL
[2023-07-21 18:59:01,199] {python.py:173} INFO - Done. Returned value was: None
[2023-07-21 18:59:01,439] {taskinstance.py:1400} INFO - Marking task as SUCCESS. dag_id=dag_digitalskola_finalproject, task_id=fetch_covid_data, execution_date=20230721T185848, start_date=20230721T185857, end_date=20230721T185901
[2023-07-21 18:59:01,597] {local_task_job.py:156} INFO - Task exited with return code 0
[2023-07-21 18:59:01,937] {local_task_job.py:273} INFO - 0 downstream tasks scheduled from follow-on schedule check
