[2023-07-21 17:09:33,578] {taskinstance.py:1159} INFO - Dependencies all met for <TaskInstance: dag_digitalskola_finalproject.insert_data_to_staging manual__2023-07-21T17:09:14.493749+00:00 [queued]>
[2023-07-21 17:09:33,708] {taskinstance.py:1159} INFO - Dependencies all met for <TaskInstance: dag_digitalskola_finalproject.insert_data_to_staging manual__2023-07-21T17:09:14.493749+00:00 [queued]>
[2023-07-21 17:09:33,717] {taskinstance.py:1356} INFO - 
--------------------------------------------------------------------------------
[2023-07-21 17:09:33,749] {taskinstance.py:1357} INFO - Starting attempt 1 of 1
[2023-07-21 17:09:33,871] {taskinstance.py:1358} INFO - 
--------------------------------------------------------------------------------
[2023-07-21 17:09:34,005] {taskinstance.py:1377} INFO - Executing <Task(PythonOperator): insert_data_to_staging> on 2023-07-21 17:09:14.493749+00:00
[2023-07-21 17:09:34,034] {standard_task_runner.py:52} INFO - Started process 1115 to run task
[2023-07-21 17:09:34,051] {standard_task_runner.py:79} INFO - Running: ['***', 'tasks', 'run', 'dag_digitalskola_finalproject', 'insert_data_to_staging', 'manual__2023-07-21T17:09:14.493749+00:00', '--job-id', '7', '--raw', '--subdir', 'DAGS_FOLDER/dag_digitalskola_finalproject.py', '--cfg-path', '/tmp/tmpan9ft7vh', '--error-file', '/tmp/tmpcpn_c8ru']
[2023-07-21 17:09:34,069] {standard_task_runner.py:80} INFO - Job 7: Subtask insert_data_to_staging
[2023-07-21 17:09:34,904] {task_command.py:369} INFO - Running <TaskInstance: dag_digitalskola_finalproject.insert_data_to_staging manual__2023-07-21T17:09:14.493749+00:00 [running]> on host 34be34978432
[2023-07-21 17:09:38,075] {taskinstance.py:1571} INFO - Exporting the following env vars:
AIRFLOW_CTX_DAG_OWNER=***
AIRFLOW_CTX_DAG_ID=dag_digitalskola_finalproject
AIRFLOW_CTX_TASK_ID=insert_data_to_staging
AIRFLOW_CTX_EXECUTION_DATE=2023-07-21T17:09:14.493749+00:00
AIRFLOW_CTX_TRY_NUMBER=1
AIRFLOW_CTX_DAG_RUN_ID=manual__2023-07-21T17:09:14.493749+00:00
[2023-07-21 17:09:38,207] {logging_mixin.py:115} INFO - MYSQL
[2023-07-21 17:09:38,213] {python.py:173} INFO - Done. Returned value was: None
[2023-07-21 17:09:38,437] {taskinstance.py:1400} INFO - Marking task as SUCCESS. dag_id=dag_digitalskola_finalproject, task_id=insert_data_to_staging, execution_date=20230721T170914, start_date=20230721T170933, end_date=20230721T170938
[2023-07-21 17:09:38,664] {local_task_job.py:156} INFO - Task exited with return code 0
[2023-07-21 17:09:38,939] {local_task_job.py:273} INFO - 1 downstream tasks scheduled from follow-on schedule check
