[2023-07-21 18:22:48,467] {taskinstance.py:1159} INFO - Dependencies all met for <TaskInstance: dag_digitalskola_finalproject.insert_data_to_dim_province manual__2023-07-21T18:22:30.061585+00:00 [queued]>
[2023-07-21 18:22:48,685] {taskinstance.py:1159} INFO - Dependencies all met for <TaskInstance: dag_digitalskola_finalproject.insert_data_to_dim_province manual__2023-07-21T18:22:30.061585+00:00 [queued]>
[2023-07-21 18:22:48,692] {taskinstance.py:1356} INFO - 
--------------------------------------------------------------------------------
[2023-07-21 18:22:48,702] {taskinstance.py:1357} INFO - Starting attempt 1 of 1
[2023-07-21 18:22:48,713] {taskinstance.py:1358} INFO - 
--------------------------------------------------------------------------------
[2023-07-21 18:22:48,919] {taskinstance.py:1377} INFO - Executing <Task(PythonOperator): insert_data_to_dim_province> on 2023-07-21 18:22:30.061585+00:00
[2023-07-21 18:22:49,028] {standard_task_runner.py:52} INFO - Started process 1988 to run task
[2023-07-21 18:22:49,221] {standard_task_runner.py:79} INFO - Running: ['***', 'tasks', 'run', 'dag_digitalskola_finalproject', 'insert_data_to_dim_province', 'manual__2023-07-21T18:22:30.061585+00:00', '--job-id', '18', '--raw', '--subdir', 'DAGS_FOLDER/dag_digitalskola_finalproject.py', '--cfg-path', '/tmp/tmp8djq7a_a', '--error-file', '/tmp/tmpivdp2sam']
[2023-07-21 18:22:49,234] {standard_task_runner.py:80} INFO - Job 18: Subtask insert_data_to_dim_province
[2023-07-21 18:22:50,324] {task_command.py:369} INFO - Running <TaskInstance: dag_digitalskola_finalproject.insert_data_to_dim_province manual__2023-07-21T18:22:30.061585+00:00 [running]> on host 34be34978432
[2023-07-21 18:22:51,695] {taskinstance.py:1571} INFO - Exporting the following env vars:
AIRFLOW_CTX_DAG_OWNER=***
AIRFLOW_CTX_DAG_ID=dag_digitalskola_finalproject
AIRFLOW_CTX_TASK_ID=insert_data_to_dim_province
AIRFLOW_CTX_EXECUTION_DATE=2023-07-21T18:22:30.061585+00:00
AIRFLOW_CTX_TRY_NUMBER=1
AIRFLOW_CTX_DAG_RUN_ID=manual__2023-07-21T18:22:30.061585+00:00
[2023-07-21 18:22:52,725] {transformer.py:13} INFO - GET DATA FROM covid_jabar SUCCESS
[2023-07-21 18:22:54,186] {transformer.py:26} INFO - DATA INSERTED SUCCESS TO dim_province
[2023-07-21 18:22:54,196] {python.py:173} INFO - Done. Returned value was: None
[2023-07-21 18:22:54,642] {taskinstance.py:1400} INFO - Marking task as SUCCESS. dag_id=dag_digitalskola_finalproject, task_id=insert_data_to_dim_province, execution_date=20230721T182230, start_date=20230721T182248, end_date=20230721T182254
[2023-07-21 18:22:55,029] {local_task_job.py:156} INFO - Task exited with return code 0
[2023-07-21 18:22:55,829] {local_task_job.py:273} INFO - 1 downstream tasks scheduled from follow-on schedule check
