[2023-07-21 19:10:06,827] {taskinstance.py:1159} INFO - Dependencies all met for <TaskInstance: dag_digitalskola_finalproject.insert_data_to_dwh manual__2023-07-21T19:09:26.647626+00:00 [queued]>
[2023-07-21 19:10:07,000] {taskinstance.py:1159} INFO - Dependencies all met for <TaskInstance: dag_digitalskola_finalproject.insert_data_to_dwh manual__2023-07-21T19:09:26.647626+00:00 [queued]>
[2023-07-21 19:10:07,017] {taskinstance.py:1356} INFO - 
--------------------------------------------------------------------------------
[2023-07-21 19:10:07,019] {taskinstance.py:1357} INFO - Starting attempt 1 of 1
[2023-07-21 19:10:07,022] {taskinstance.py:1358} INFO - 
--------------------------------------------------------------------------------
[2023-07-21 19:10:07,146] {taskinstance.py:1377} INFO - Executing <Task(PythonOperator): insert_data_to_dwh> on 2023-07-21 19:09:26.647626+00:00
[2023-07-21 19:10:07,211] {standard_task_runner.py:52} INFO - Started process 2603 to run task
[2023-07-21 19:10:07,239] {standard_task_runner.py:79} INFO - Running: ['***', 'tasks', 'run', 'dag_digitalskola_finalproject', 'insert_data_to_dwh', 'manual__2023-07-21T19:09:26.647626+00:00', '--job-id', '43', '--raw', '--subdir', 'DAGS_FOLDER/dag_digitalskola_finalproject.py', '--cfg-path', '/tmp/tmpj34pskuv', '--error-file', '/tmp/tmp7h35gb64']
[2023-07-21 19:10:07,254] {standard_task_runner.py:80} INFO - Job 43: Subtask insert_data_to_dwh
[2023-07-21 19:10:07,660] {task_command.py:369} INFO - Running <TaskInstance: dag_digitalskola_finalproject.insert_data_to_dwh manual__2023-07-21T19:09:26.647626+00:00 [running]> on host 34be34978432
[2023-07-21 19:10:08,362] {taskinstance.py:1571} INFO - Exporting the following env vars:
AIRFLOW_CTX_DAG_OWNER=***
AIRFLOW_CTX_DAG_ID=dag_digitalskola_finalproject
AIRFLOW_CTX_TASK_ID=insert_data_to_dwh
AIRFLOW_CTX_EXECUTION_DATE=2023-07-21T19:09:26.647626+00:00
AIRFLOW_CTX_TRY_NUMBER=1
AIRFLOW_CTX_DAG_RUN_ID=manual__2023-07-21T19:09:26.647626+00:00
[2023-07-21 19:10:08,556] {logging_mixin.py:115} INFO - POSTGRES
[2023-07-21 19:10:08,604] {python.py:173} INFO - Done. Returned value was: None
[2023-07-21 19:10:08,920] {taskinstance.py:1400} INFO - Marking task as SUCCESS. dag_id=dag_digitalskola_finalproject, task_id=insert_data_to_dwh, execution_date=20230721T190926, start_date=20230721T191006, end_date=20230721T191008
[2023-07-21 19:10:09,180] {local_task_job.py:156} INFO - Task exited with return code 0
[2023-07-21 19:10:10,079] {local_task_job.py:273} INFO - 0 downstream tasks scheduled from follow-on schedule check
