[2023-07-21 18:32:37,674] {taskinstance.py:1159} INFO - Dependencies all met for <TaskInstance: dag_digitalskola_finalproject.insert_data_to_dwh manual__2023-07-21T18:32:15.750651+00:00 [queued]>
[2023-07-21 18:32:38,004] {taskinstance.py:1159} INFO - Dependencies all met for <TaskInstance: dag_digitalskola_finalproject.insert_data_to_dwh manual__2023-07-21T18:32:15.750651+00:00 [queued]>
[2023-07-21 18:32:38,007] {taskinstance.py:1356} INFO - 
--------------------------------------------------------------------------------
[2023-07-21 18:32:38,010] {taskinstance.py:1357} INFO - Starting attempt 1 of 1
[2023-07-21 18:32:38,026] {taskinstance.py:1358} INFO - 
--------------------------------------------------------------------------------
[2023-07-21 18:32:38,489] {taskinstance.py:1377} INFO - Executing <Task(PythonOperator): insert_data_to_dwh> on 2023-07-21 18:32:15.750651+00:00
[2023-07-21 18:32:38,752] {standard_task_runner.py:52} INFO - Started process 2105 to run task
[2023-07-21 18:32:38,833] {standard_task_runner.py:79} INFO - Running: ['***', 'tasks', 'run', 'dag_digitalskola_finalproject', 'insert_data_to_dwh', 'manual__2023-07-21T18:32:15.750651+00:00', '--job-id', '22', '--raw', '--subdir', 'DAGS_FOLDER/dag_digitalskola_finalproject.py', '--cfg-path', '/tmp/tmpo1d7v6ck', '--error-file', '/tmp/tmpp7frspqy']
[2023-07-21 18:32:38,858] {standard_task_runner.py:80} INFO - Job 22: Subtask insert_data_to_dwh
[2023-07-21 18:32:40,368] {task_command.py:369} INFO - Running <TaskInstance: dag_digitalskola_finalproject.insert_data_to_dwh manual__2023-07-21T18:32:15.750651+00:00 [running]> on host 34be34978432
[2023-07-21 18:32:43,247] {taskinstance.py:1571} INFO - Exporting the following env vars:
AIRFLOW_CTX_DAG_OWNER=***
AIRFLOW_CTX_DAG_ID=dag_digitalskola_finalproject
AIRFLOW_CTX_TASK_ID=insert_data_to_dwh
AIRFLOW_CTX_EXECUTION_DATE=2023-07-21T18:32:15.750651+00:00
AIRFLOW_CTX_TRY_NUMBER=1
AIRFLOW_CTX_DAG_RUN_ID=manual__2023-07-21T18:32:15.750651+00:00
[2023-07-21 18:32:43,656] {logging_mixin.py:115} INFO - POSTGRES
[2023-07-21 18:32:43,687] {python.py:173} INFO - Done. Returned value was: None
[2023-07-21 18:32:43,999] {taskinstance.py:1400} INFO - Marking task as SUCCESS. dag_id=dag_digitalskola_finalproject, task_id=insert_data_to_dwh, execution_date=20230721T183215, start_date=20230721T183237, end_date=20230721T183243
[2023-07-21 18:32:44,605] {local_task_job.py:221} WARNING - State of this instance has been externally set to success. Terminating instance.
[2023-07-21 18:32:44,620] {process_utils.py:129} INFO - Sending Signals.SIGTERM to group 2105. PIDs of all processes in the group: [2105]
[2023-07-21 18:32:44,639] {process_utils.py:80} INFO - Sending the signal Signals.SIGTERM to group 2105
[2023-07-21 18:32:44,745] {process_utils.py:75} INFO - Process psutil.Process(pid=2105, status='terminated', exitcode=0, started='18:32:38') (2105) terminated with exit code 0
