[2023-07-21 20:22:26,456] {taskinstance.py:1159} INFO - Dependencies all met for <TaskInstance: dag_digitalskola_finalproject.fetch_covid_data manual__2023-07-21T20:22:20.576130+00:00 [queued]>
[2023-07-21 20:22:26,509] {taskinstance.py:1159} INFO - Dependencies all met for <TaskInstance: dag_digitalskola_finalproject.fetch_covid_data manual__2023-07-21T20:22:20.576130+00:00 [queued]>
[2023-07-21 20:22:26,512] {taskinstance.py:1356} INFO - 
--------------------------------------------------------------------------------
[2023-07-21 20:22:26,515] {taskinstance.py:1357} INFO - Starting attempt 1 of 1
[2023-07-21 20:22:26,527] {taskinstance.py:1358} INFO - 
--------------------------------------------------------------------------------
[2023-07-21 20:22:26,627] {taskinstance.py:1377} INFO - Executing <Task(PythonOperator): fetch_covid_data> on 2023-07-21 20:22:20.576130+00:00
[2023-07-21 20:22:26,664] {standard_task_runner.py:52} INFO - Started process 3497 to run task
[2023-07-21 20:22:26,694] {standard_task_runner.py:79} INFO - Running: ['***', 'tasks', 'run', 'dag_digitalskola_finalproject', 'fetch_covid_data', 'manual__2023-07-21T20:22:20.576130+00:00', '--job-id', '61', '--raw', '--subdir', 'DAGS_FOLDER/dag_digitalskola_finalproject.py', '--cfg-path', '/tmp/tmp711xelkh', '--error-file', '/tmp/tmp65tj1j3r']
[2023-07-21 20:22:26,697] {standard_task_runner.py:80} INFO - Job 61: Subtask fetch_covid_data
[2023-07-21 20:22:26,982] {task_command.py:369} INFO - Running <TaskInstance: dag_digitalskola_finalproject.fetch_covid_data manual__2023-07-21T20:22:20.576130+00:00 [running]> on host 34be34978432
[2023-07-21 20:22:27,809] {taskinstance.py:1571} INFO - Exporting the following env vars:
AIRFLOW_CTX_DAG_OWNER=***
AIRFLOW_CTX_DAG_ID=dag_digitalskola_finalproject
AIRFLOW_CTX_TASK_ID=fetch_covid_data
AIRFLOW_CTX_EXECUTION_DATE=2023-07-21T20:22:20.576130+00:00
AIRFLOW_CTX_TRY_NUMBER=1
AIRFLOW_CTX_DAG_RUN_ID=manual__2023-07-21T20:22:20.576130+00:00
[2023-07-21 20:22:28,003] {covid_scraper.py:13} INFO - GET DATA FROM API COMPLETED
[2023-07-21 20:22:28,064] {covid_scraper.py:15} INFO - CONVERT DATA FROM API TO DATAFRAME COMPLETED
[2023-07-21 20:22:29,282] {dag_digitalskola_finalproject.py:44} INFO - DATA INSERTED SUCCESS TO MYSQL
[2023-07-21 20:22:29,291] {python.py:173} INFO - Done. Returned value was: None
[2023-07-21 20:22:29,362] {taskinstance.py:1400} INFO - Marking task as SUCCESS. dag_id=dag_digitalskola_finalproject, task_id=fetch_covid_data, execution_date=20230721T202220, start_date=20230721T202226, end_date=20230721T202229
[2023-07-21 20:22:29,467] {local_task_job.py:156} INFO - Task exited with return code 0
[2023-07-21 20:22:29,765] {local_task_job.py:273} INFO - 1 downstream tasks scheduled from follow-on schedule check
