[2023-07-21 23:47:51,129] {taskinstance.py:1159} INFO - Dependencies all met for <TaskInstance: dag_digitalskola_finalproject.insert_data_to_dim_case manual__2023-07-21T23:47:22.551863+00:00 [queued]>
[2023-07-21 23:47:51,183] {taskinstance.py:1159} INFO - Dependencies all met for <TaskInstance: dag_digitalskola_finalproject.insert_data_to_dim_case manual__2023-07-21T23:47:22.551863+00:00 [queued]>
[2023-07-21 23:47:51,197] {taskinstance.py:1356} INFO - 
--------------------------------------------------------------------------------
[2023-07-21 23:47:51,199] {taskinstance.py:1357} INFO - Starting attempt 1 of 1
[2023-07-21 23:47:51,209] {taskinstance.py:1358} INFO - 
--------------------------------------------------------------------------------
[2023-07-21 23:47:51,298] {taskinstance.py:1377} INFO - Executing <Task(PythonOperator): insert_data_to_dim_case> on 2023-07-21 23:47:22.551863+00:00
[2023-07-21 23:47:51,331] {standard_task_runner.py:52} INFO - Started process 5595 to run task
[2023-07-21 23:47:51,365] {standard_task_runner.py:79} INFO - Running: ['***', 'tasks', 'run', 'dag_digitalskola_finalproject', 'insert_data_to_dim_case', 'manual__2023-07-21T23:47:22.551863+00:00', '--job-id', '101', '--raw', '--subdir', 'DAGS_FOLDER/dag_digitalskola_finalproject.py', '--cfg-path', '/tmp/tmpzl9o8s5m', '--error-file', '/tmp/tmpfvp3s7dx']
[2023-07-21 23:47:51,370] {standard_task_runner.py:80} INFO - Job 101: Subtask insert_data_to_dim_case
[2023-07-21 23:47:51,596] {task_command.py:369} INFO - Running <TaskInstance: dag_digitalskola_finalproject.insert_data_to_dim_case manual__2023-07-21T23:47:22.551863+00:00 [running]> on host 34be34978432
[2023-07-21 23:47:52,128] {taskinstance.py:1571} INFO - Exporting the following env vars:
AIRFLOW_CTX_DAG_OWNER=***
AIRFLOW_CTX_DAG_ID=dag_digitalskola_finalproject
AIRFLOW_CTX_TASK_ID=insert_data_to_dim_case
AIRFLOW_CTX_EXECUTION_DATE=2023-07-21T23:47:22.551863+00:00
AIRFLOW_CTX_TRY_NUMBER=1
AIRFLOW_CTX_DAG_RUN_ID=manual__2023-07-21T23:47:22.551863+00:00
[2023-07-21 23:47:52,535] {transformer.py:100} INFO - DATA INSERTED SUCCESS TO TABLE dim_case
[2023-07-21 23:47:52,539] {python.py:173} INFO - Done. Returned value was: None
[2023-07-21 23:47:52,655] {taskinstance.py:1400} INFO - Marking task as SUCCESS. dag_id=dag_digitalskola_finalproject, task_id=insert_data_to_dim_case, execution_date=20230721T234722, start_date=20230721T234751, end_date=20230721T234752
[2023-07-21 23:47:52,770] {local_task_job.py:156} INFO - Task exited with return code 0
[2023-07-21 23:47:52,936] {local_task_job.py:273} INFO - 1 downstream tasks scheduled from follow-on schedule check
