[2023-07-21 19:01:57,834] {taskinstance.py:1159} INFO - Dependencies all met for <TaskInstance: dag_digitalskola_finalproject.insert_data_to_dwh manual__2023-07-21T19:01:28.067135+00:00 [queued]>
[2023-07-21 19:01:57,962] {taskinstance.py:1159} INFO - Dependencies all met for <TaskInstance: dag_digitalskola_finalproject.insert_data_to_dwh manual__2023-07-21T19:01:28.067135+00:00 [queued]>
[2023-07-21 19:01:57,991] {taskinstance.py:1356} INFO - 
--------------------------------------------------------------------------------
[2023-07-21 19:01:57,994] {taskinstance.py:1357} INFO - Starting attempt 1 of 1
[2023-07-21 19:01:57,995] {taskinstance.py:1358} INFO - 
--------------------------------------------------------------------------------
[2023-07-21 19:01:58,358] {taskinstance.py:1377} INFO - Executing <Task(PythonOperator): insert_data_to_dwh> on 2023-07-21 19:01:28.067135+00:00
[2023-07-21 19:01:58,592] {standard_task_runner.py:52} INFO - Started process 2492 to run task
[2023-07-21 19:01:58,673] {standard_task_runner.py:79} INFO - Running: ['***', 'tasks', 'run', 'dag_digitalskola_finalproject', 'insert_data_to_dwh', 'manual__2023-07-21T19:01:28.067135+00:00', '--job-id', '40', '--raw', '--subdir', 'DAGS_FOLDER/dag_digitalskola_finalproject.py', '--cfg-path', '/tmp/tmpmqnh62zx', '--error-file', '/tmp/tmpj1lrqr9y']
[2023-07-21 19:01:58,678] {standard_task_runner.py:80} INFO - Job 40: Subtask insert_data_to_dwh
[2023-07-21 19:01:59,595] {task_command.py:369} INFO - Running <TaskInstance: dag_digitalskola_finalproject.insert_data_to_dwh manual__2023-07-21T19:01:28.067135+00:00 [running]> on host 34be34978432
[2023-07-21 19:02:00,972] {taskinstance.py:1571} INFO - Exporting the following env vars:
AIRFLOW_CTX_DAG_OWNER=***
AIRFLOW_CTX_DAG_ID=dag_digitalskola_finalproject
AIRFLOW_CTX_TASK_ID=insert_data_to_dwh
AIRFLOW_CTX_EXECUTION_DATE=2023-07-21T19:01:28.067135+00:00
AIRFLOW_CTX_TRY_NUMBER=1
AIRFLOW_CTX_DAG_RUN_ID=manual__2023-07-21T19:01:28.067135+00:00
[2023-07-21 19:02:01,186] {logging_mixin.py:115} INFO - POSTGRES
[2023-07-21 19:02:01,205] {python.py:173} INFO - Done. Returned value was: None
[2023-07-21 19:02:01,334] {taskinstance.py:1400} INFO - Marking task as SUCCESS. dag_id=dag_digitalskola_finalproject, task_id=insert_data_to_dwh, execution_date=20230721T190128, start_date=20230721T190157, end_date=20230721T190201
[2023-07-21 19:02:01,597] {local_task_job.py:156} INFO - Task exited with return code 0
[2023-07-21 19:02:01,871] {local_task_job.py:273} INFO - 0 downstream tasks scheduled from follow-on schedule check
