[2023-07-21 23:10:35,452] {taskinstance.py:1159} INFO - Dependencies all met for <TaskInstance: dag_digitalskola_finalproject.insert_data_to_district_daily manual__2023-07-21T23:10:30.696341+00:00 [queued]>
[2023-07-21 23:10:35,523] {taskinstance.py:1159} INFO - Dependencies all met for <TaskInstance: dag_digitalskola_finalproject.insert_data_to_district_daily manual__2023-07-21T23:10:30.696341+00:00 [queued]>
[2023-07-21 23:10:35,530] {taskinstance.py:1356} INFO - 
--------------------------------------------------------------------------------
[2023-07-21 23:10:35,532] {taskinstance.py:1357} INFO - Starting attempt 1 of 1
[2023-07-21 23:10:35,538] {taskinstance.py:1358} INFO - 
--------------------------------------------------------------------------------
[2023-07-21 23:10:35,587] {taskinstance.py:1377} INFO - Executing <Task(PythonOperator): insert_data_to_district_daily> on 2023-07-21 23:10:30.696341+00:00
[2023-07-21 23:10:35,618] {standard_task_runner.py:52} INFO - Started process 5122 to run task
[2023-07-21 23:10:35,647] {standard_task_runner.py:79} INFO - Running: ['***', 'tasks', 'run', 'dag_digitalskola_finalproject', 'insert_data_to_district_daily', 'manual__2023-07-21T23:10:30.696341+00:00', '--job-id', '84', '--raw', '--subdir', 'DAGS_FOLDER/dag_digitalskola_finalproject.py', '--cfg-path', '/tmp/tmpp47gb3h3', '--error-file', '/tmp/tmpaexcqu0f']
[2023-07-21 23:10:35,651] {standard_task_runner.py:80} INFO - Job 84: Subtask insert_data_to_district_daily
[2023-07-21 23:10:35,967] {task_command.py:369} INFO - Running <TaskInstance: dag_digitalskola_finalproject.insert_data_to_district_daily manual__2023-07-21T23:10:30.696341+00:00 [running]> on host 34be34978432
[2023-07-21 23:10:36,284] {taskinstance.py:1571} INFO - Exporting the following env vars:
AIRFLOW_CTX_DAG_OWNER=***
AIRFLOW_CTX_DAG_ID=dag_digitalskola_finalproject
AIRFLOW_CTX_TASK_ID=insert_data_to_district_daily
AIRFLOW_CTX_EXECUTION_DATE=2023-07-21T23:10:30.696341+00:00
AIRFLOW_CTX_TRY_NUMBER=1
AIRFLOW_CTX_DAG_RUN_ID=manual__2023-07-21T23:10:30.696341+00:00
[2023-07-21 23:10:36,564] {transformer.py:27} INFO - GET DATA FROM TABLE covid_jabar SUCCESS
[2023-07-21 23:10:36,752] {transformer.py:33} INFO - GET DATA FROM TABLE dim_case SUCCESS
[2023-07-21 23:10:37,352] {transformer.py:191} INFO - DATA INSERTED SUCCESS TO TABLE district_daily
[2023-07-21 23:10:37,388] {python.py:173} INFO - Done. Returned value was: None
[2023-07-21 23:10:37,596] {taskinstance.py:1400} INFO - Marking task as SUCCESS. dag_id=dag_digitalskola_finalproject, task_id=insert_data_to_district_daily, execution_date=20230721T231030, start_date=20230721T231035, end_date=20230721T231037
[2023-07-21 23:10:37,720] {local_task_job.py:156} INFO - Task exited with return code 0
[2023-07-21 23:10:37,914] {local_task_job.py:273} INFO - 0 downstream tasks scheduled from follow-on schedule check
