[2023-07-21 21:03:22,264] {taskinstance.py:1159} INFO - Dependencies all met for <TaskInstance: dag_digitalskola_finalproject.fetch_covid_data manual__2023-07-21T21:03:16.308791+00:00 [queued]>
[2023-07-21 21:03:22,411] {taskinstance.py:1159} INFO - Dependencies all met for <TaskInstance: dag_digitalskola_finalproject.fetch_covid_data manual__2023-07-21T21:03:16.308791+00:00 [queued]>
[2023-07-21 21:03:22,416] {taskinstance.py:1356} INFO - 
--------------------------------------------------------------------------------
[2023-07-21 21:03:22,433] {taskinstance.py:1357} INFO - Starting attempt 1 of 1
[2023-07-21 21:03:22,446] {taskinstance.py:1358} INFO - 
--------------------------------------------------------------------------------
[2023-07-21 21:03:22,539] {taskinstance.py:1377} INFO - Executing <Task(PythonOperator): fetch_covid_data> on 2023-07-21 21:03:16.308791+00:00
[2023-07-21 21:03:22,560] {standard_task_runner.py:52} INFO - Started process 3974 to run task
[2023-07-21 21:03:22,633] {standard_task_runner.py:79} INFO - Running: ['***', 'tasks', 'run', 'dag_digitalskola_finalproject', 'fetch_covid_data', 'manual__2023-07-21T21:03:16.308791+00:00', '--job-id', '64', '--raw', '--subdir', 'DAGS_FOLDER/dag_digitalskola_finalproject.py', '--cfg-path', '/tmp/tmpojndmkuy', '--error-file', '/tmp/tmpbjk_dcsh']
[2023-07-21 21:03:22,649] {standard_task_runner.py:80} INFO - Job 64: Subtask fetch_covid_data
[2023-07-21 21:03:23,099] {task_command.py:369} INFO - Running <TaskInstance: dag_digitalskola_finalproject.fetch_covid_data manual__2023-07-21T21:03:16.308791+00:00 [running]> on host 34be34978432
[2023-07-21 21:03:24,582] {taskinstance.py:1571} INFO - Exporting the following env vars:
AIRFLOW_CTX_DAG_OWNER=***
AIRFLOW_CTX_DAG_ID=dag_digitalskola_finalproject
AIRFLOW_CTX_TASK_ID=fetch_covid_data
AIRFLOW_CTX_EXECUTION_DATE=2023-07-21T21:03:16.308791+00:00
AIRFLOW_CTX_TRY_NUMBER=1
AIRFLOW_CTX_DAG_RUN_ID=manual__2023-07-21T21:03:16.308791+00:00
[2023-07-21 21:03:25,014] {covid_scraper.py:13} INFO - GET DATA FROM API COMPLETED
[2023-07-21 21:03:25,190] {covid_scraper.py:15} INFO - CONVERT DATA FROM API TO DATAFRAME COMPLETED
[2023-07-21 21:03:28,414] {dag_digitalskola_finalproject.py:44} INFO - DATA INSERTED SUCCESS TO MYSQL
[2023-07-21 21:03:28,437] {python.py:173} INFO - Done. Returned value was: None
[2023-07-21 21:03:28,785] {taskinstance.py:1400} INFO - Marking task as SUCCESS. dag_id=dag_digitalskola_finalproject, task_id=fetch_covid_data, execution_date=20230721T210316, start_date=20230721T210322, end_date=20230721T210328
[2023-07-21 21:03:29,137] {local_task_job.py:156} INFO - Task exited with return code 0
[2023-07-21 21:03:30,966] {local_task_job.py:273} INFO - 0 downstream tasks scheduled from follow-on schedule check
