[2023-07-21 23:56:36,411] {taskinstance.py:1159} INFO - Dependencies all met for <TaskInstance: dag_digitalskola_finalproject.insert_data_to_province_daily manual__2023-07-21T23:55:54.718845+00:00 [queued]>
[2023-07-21 23:56:36,445] {taskinstance.py:1159} INFO - Dependencies all met for <TaskInstance: dag_digitalskola_finalproject.insert_data_to_province_daily manual__2023-07-21T23:55:54.718845+00:00 [queued]>
[2023-07-21 23:56:36,448] {taskinstance.py:1356} INFO - 
--------------------------------------------------------------------------------
[2023-07-21 23:56:36,451] {taskinstance.py:1357} INFO - Starting attempt 1 of 1
[2023-07-21 23:56:36,459] {taskinstance.py:1358} INFO - 
--------------------------------------------------------------------------------
[2023-07-21 23:56:36,502] {taskinstance.py:1377} INFO - Executing <Task(PythonOperator): insert_data_to_province_daily> on 2023-07-21 23:55:54.718845+00:00
[2023-07-21 23:56:36,520] {standard_task_runner.py:52} INFO - Started process 5712 to run task
[2023-07-21 23:56:36,545] {standard_task_runner.py:79} INFO - Running: ['***', 'tasks', 'run', 'dag_digitalskola_finalproject', 'insert_data_to_province_daily', 'manual__2023-07-21T23:55:54.718845+00:00', '--job-id', '114', '--raw', '--subdir', 'DAGS_FOLDER/dag_digitalskola_finalproject.py', '--cfg-path', '/tmp/tmp88xu1s64', '--error-file', '/tmp/tmp3bdhhq1o']
[2023-07-21 23:56:36,549] {standard_task_runner.py:80} INFO - Job 114: Subtask insert_data_to_province_daily
[2023-07-21 23:56:36,780] {task_command.py:369} INFO - Running <TaskInstance: dag_digitalskola_finalproject.insert_data_to_province_daily manual__2023-07-21T23:55:54.718845+00:00 [running]> on host 34be34978432
[2023-07-21 23:56:37,010] {taskinstance.py:1571} INFO - Exporting the following env vars:
AIRFLOW_CTX_DAG_OWNER=***
AIRFLOW_CTX_DAG_ID=dag_digitalskola_finalproject
AIRFLOW_CTX_TASK_ID=insert_data_to_province_daily
AIRFLOW_CTX_EXECUTION_DATE=2023-07-21T23:55:54.718845+00:00
AIRFLOW_CTX_TRY_NUMBER=1
AIRFLOW_CTX_DAG_RUN_ID=manual__2023-07-21T23:55:54.718845+00:00
[2023-07-21 23:56:37,353] {transformer.py:22} INFO - GET DATA FROM TABLE covid_jabar SUCCESS
[2023-07-21 23:56:37,692] {transformer.py:28} INFO - GET DATA FROM TABLE dim_case SUCCESS
[2023-07-21 23:56:40,246] {transformer.py:143} INFO - DATA INSERTED SUCCESS TO TABLE province_daily
[2023-07-21 23:56:40,273] {python.py:173} INFO - Done. Returned value was: None
[2023-07-21 23:56:40,788] {taskinstance.py:1400} INFO - Marking task as SUCCESS. dag_id=dag_digitalskola_finalproject, task_id=insert_data_to_province_daily, execution_date=20230721T235554, start_date=20230721T235636, end_date=20230721T235640
[2023-07-21 23:56:40,983] {local_task_job.py:156} INFO - Task exited with return code 0
[2023-07-21 23:56:41,423] {local_task_job.py:273} INFO - 0 downstream tasks scheduled from follow-on schedule check
