[2023-07-21 21:04:19,056] {taskinstance.py:1159} INFO - Dependencies all met for <TaskInstance: dag_digitalskola_finalproject.insert_data_to_dim_case manual__2023-07-21T21:03:16.308791+00:00 [queued]>
[2023-07-21 21:04:19,246] {taskinstance.py:1159} INFO - Dependencies all met for <TaskInstance: dag_digitalskola_finalproject.insert_data_to_dim_case manual__2023-07-21T21:03:16.308791+00:00 [queued]>
[2023-07-21 21:04:19,255] {taskinstance.py:1356} INFO - 
--------------------------------------------------------------------------------
[2023-07-21 21:04:19,260] {taskinstance.py:1357} INFO - Starting attempt 1 of 1
[2023-07-21 21:04:19,270] {taskinstance.py:1358} INFO - 
--------------------------------------------------------------------------------
[2023-07-21 21:04:19,456] {taskinstance.py:1377} INFO - Executing <Task(PythonOperator): insert_data_to_dim_case> on 2023-07-21 21:03:16.308791+00:00
[2023-07-21 21:04:19,533] {standard_task_runner.py:52} INFO - Started process 3989 to run task
[2023-07-21 21:04:19,608] {standard_task_runner.py:79} INFO - Running: ['***', 'tasks', 'run', 'dag_digitalskola_finalproject', 'insert_data_to_dim_case', 'manual__2023-07-21T21:03:16.308791+00:00', '--job-id', '67', '--raw', '--subdir', 'DAGS_FOLDER/dag_digitalskola_finalproject.py', '--cfg-path', '/tmp/tmp5btrnjwt', '--error-file', '/tmp/tmprasbz8ev']
[2023-07-21 21:04:19,616] {standard_task_runner.py:80} INFO - Job 67: Subtask insert_data_to_dim_case
[2023-07-21 21:04:22,563] {task_command.py:369} INFO - Running <TaskInstance: dag_digitalskola_finalproject.insert_data_to_dim_case manual__2023-07-21T21:03:16.308791+00:00 [running]> on host 34be34978432
[2023-07-21 21:04:23,440] {taskinstance.py:1571} INFO - Exporting the following env vars:
AIRFLOW_CTX_DAG_OWNER=***
AIRFLOW_CTX_DAG_ID=dag_digitalskola_finalproject
AIRFLOW_CTX_TASK_ID=insert_data_to_dim_case
AIRFLOW_CTX_EXECUTION_DATE=2023-07-21T21:03:16.308791+00:00
AIRFLOW_CTX_TRY_NUMBER=1
AIRFLOW_CTX_DAG_RUN_ID=manual__2023-07-21T21:03:16.308791+00:00
[2023-07-21 21:04:24,776] {transformer.py:90} INFO - DATA INSERTED SUCCESS TO TABLE dim_case
[2023-07-21 21:04:24,809] {python.py:173} INFO - Done. Returned value was: None
[2023-07-21 21:04:25,068] {taskinstance.py:1400} INFO - Marking task as SUCCESS. dag_id=dag_digitalskola_finalproject, task_id=insert_data_to_dim_case, execution_date=20230721T210316, start_date=20230721T210419, end_date=20230721T210425
[2023-07-21 21:04:25,559] {local_task_job.py:156} INFO - Task exited with return code 0
[2023-07-21 21:04:27,311] {local_task_job.py:273} INFO - 1 downstream tasks scheduled from follow-on schedule check
