[2023-07-21 20:19:31,078] {taskinstance.py:1159} INFO - Dependencies all met for <TaskInstance: dag_digitalskola_finalproject.insert_data_to_dim_case manual__2023-07-21T20:19:24.990712+00:00 [queued]>
[2023-07-21 20:19:31,106] {taskinstance.py:1159} INFO - Dependencies all met for <TaskInstance: dag_digitalskola_finalproject.insert_data_to_dim_case manual__2023-07-21T20:19:24.990712+00:00 [queued]>
[2023-07-21 20:19:31,108] {taskinstance.py:1356} INFO - 
--------------------------------------------------------------------------------
[2023-07-21 20:19:31,110] {taskinstance.py:1357} INFO - Starting attempt 1 of 1
[2023-07-21 20:19:31,113] {taskinstance.py:1358} INFO - 
--------------------------------------------------------------------------------
[2023-07-21 20:19:31,166] {taskinstance.py:1377} INFO - Executing <Task(PythonOperator): insert_data_to_dim_case> on 2023-07-21 20:19:24.990712+00:00
[2023-07-21 20:19:31,205] {standard_task_runner.py:52} INFO - Started process 3448 to run task
[2023-07-21 20:19:31,237] {standard_task_runner.py:79} INFO - Running: ['***', 'tasks', 'run', 'dag_digitalskola_finalproject', 'insert_data_to_dim_case', 'manual__2023-07-21T20:19:24.990712+00:00', '--job-id', '56', '--raw', '--subdir', 'DAGS_FOLDER/dag_digitalskola_finalproject.py', '--cfg-path', '/tmp/tmpssz6lsso', '--error-file', '/tmp/tmp2kblx93s']
[2023-07-21 20:19:31,245] {standard_task_runner.py:80} INFO - Job 56: Subtask insert_data_to_dim_case
[2023-07-21 20:19:31,616] {task_command.py:369} INFO - Running <TaskInstance: dag_digitalskola_finalproject.insert_data_to_dim_case manual__2023-07-21T20:19:24.990712+00:00 [running]> on host 34be34978432
[2023-07-21 20:19:31,888] {taskinstance.py:1571} INFO - Exporting the following env vars:
AIRFLOW_CTX_DAG_OWNER=***
AIRFLOW_CTX_DAG_ID=dag_digitalskola_finalproject
AIRFLOW_CTX_TASK_ID=insert_data_to_dim_case
AIRFLOW_CTX_EXECUTION_DATE=2023-07-21T20:19:24.990712+00:00
AIRFLOW_CTX_TRY_NUMBER=1
AIRFLOW_CTX_DAG_RUN_ID=manual__2023-07-21T20:19:24.990712+00:00
[2023-07-21 20:19:31,928] {logging_mixin.py:115} INFO -     id   status_name status_detail                    status
0    1  closecontact   dikarantina  closecontact_dikarantina
1    2  closecontact     discarded    closecontact_discarded
2    3  closecontact     meninggal    closecontact_meninggal
3    4  confirmation     meninggal    confirmation_meninggal
4    5  confirmation        sembuh       confirmation_sembuh
5    6      probable     diisolasi        probable_diisolasi
6    7      probable     discarded        probable_discarded
7    8      probable     meninggal        probable_meninggal
8    9       suspect     diisolasi         suspect_diisolasi
9   10       suspect     discarded         suspect_discarded
10  11       suspect     meninggal         suspect_meninggal
[2023-07-21 20:19:31,933] {python.py:173} INFO - Done. Returned value was: None
[2023-07-21 20:19:31,972] {taskinstance.py:1400} INFO - Marking task as SUCCESS. dag_id=dag_digitalskola_finalproject, task_id=insert_data_to_dim_case, execution_date=20230721T201924, start_date=20230721T201931, end_date=20230721T201931
[2023-07-21 20:19:32,107] {local_task_job.py:156} INFO - Task exited with return code 0
[2023-07-21 20:19:32,285] {local_task_job.py:273} INFO - 0 downstream tasks scheduled from follow-on schedule check
