[2023-07-21 23:47:58,207] {taskinstance.py:1159} INFO - Dependencies all met for <TaskInstance: dag_digitalskola_finalproject.insert_data_to_province_daily manual__2023-07-21T23:47:22.551863+00:00 [queued]>
[2023-07-21 23:47:58,274] {taskinstance.py:1159} INFO - Dependencies all met for <TaskInstance: dag_digitalskola_finalproject.insert_data_to_province_daily manual__2023-07-21T23:47:22.551863+00:00 [queued]>
[2023-07-21 23:47:58,281] {taskinstance.py:1356} INFO - 
--------------------------------------------------------------------------------
[2023-07-21 23:47:58,284] {taskinstance.py:1357} INFO - Starting attempt 1 of 1
[2023-07-21 23:47:58,290] {taskinstance.py:1358} INFO - 
--------------------------------------------------------------------------------
[2023-07-21 23:47:58,360] {taskinstance.py:1377} INFO - Executing <Task(PythonOperator): insert_data_to_province_daily> on 2023-07-21 23:47:22.551863+00:00
[2023-07-21 23:47:58,383] {standard_task_runner.py:52} INFO - Started process 5598 to run task
[2023-07-21 23:47:58,404] {standard_task_runner.py:79} INFO - Running: ['***', 'tasks', 'run', 'dag_digitalskola_finalproject', 'insert_data_to_province_daily', 'manual__2023-07-21T23:47:22.551863+00:00', '--job-id', '102', '--raw', '--subdir', 'DAGS_FOLDER/dag_digitalskola_finalproject.py', '--cfg-path', '/tmp/tmpnsps7tq0', '--error-file', '/tmp/tmp9awb4z4a']
[2023-07-21 23:47:58,418] {standard_task_runner.py:80} INFO - Job 102: Subtask insert_data_to_province_daily
[2023-07-21 23:47:58,850] {task_command.py:369} INFO - Running <TaskInstance: dag_digitalskola_finalproject.insert_data_to_province_daily manual__2023-07-21T23:47:22.551863+00:00 [running]> on host 34be34978432
[2023-07-21 23:47:59,938] {taskinstance.py:1571} INFO - Exporting the following env vars:
AIRFLOW_CTX_DAG_OWNER=***
AIRFLOW_CTX_DAG_ID=dag_digitalskola_finalproject
AIRFLOW_CTX_TASK_ID=insert_data_to_province_daily
AIRFLOW_CTX_EXECUTION_DATE=2023-07-21T23:47:22.551863+00:00
AIRFLOW_CTX_TRY_NUMBER=1
AIRFLOW_CTX_DAG_RUN_ID=manual__2023-07-21T23:47:22.551863+00:00
[2023-07-21 23:48:00,468] {transformer.py:22} INFO - GET DATA FROM TABLE covid_jabar SUCCESS
[2023-07-21 23:48:00,605] {transformer.py:28} INFO - GET DATA FROM TABLE dim_case SUCCESS
[2023-07-21 23:48:00,836] {transformer.py:143} INFO - DATA INSERTED SUCCESS TO TABLE province_daily
[2023-07-21 23:48:00,841] {python.py:173} INFO - Done. Returned value was: None
[2023-07-21 23:48:01,025] {taskinstance.py:1400} INFO - Marking task as SUCCESS. dag_id=dag_digitalskola_finalproject, task_id=insert_data_to_province_daily, execution_date=20230721T234722, start_date=20230721T234758, end_date=20230721T234801
[2023-07-21 23:48:01,301] {local_task_job.py:156} INFO - Task exited with return code 0
[2023-07-21 23:48:01,646] {local_task_job.py:273} INFO - 1 downstream tasks scheduled from follow-on schedule check
