[2023-07-21 23:17:01,625] {taskinstance.py:1159} INFO - Dependencies all met for <TaskInstance: dag_digitalskola_finalproject.insert_data_to_district_daily manual__2023-07-21T23:16:30.887498+00:00 [queued]>
[2023-07-21 23:17:01,674] {taskinstance.py:1159} INFO - Dependencies all met for <TaskInstance: dag_digitalskola_finalproject.insert_data_to_district_daily manual__2023-07-21T23:16:30.887498+00:00 [queued]>
[2023-07-21 23:17:01,682] {taskinstance.py:1356} INFO - 
--------------------------------------------------------------------------------
[2023-07-21 23:17:01,684] {taskinstance.py:1357} INFO - Starting attempt 1 of 1
[2023-07-21 23:17:01,687] {taskinstance.py:1358} INFO - 
--------------------------------------------------------------------------------
[2023-07-21 23:17:01,750] {taskinstance.py:1377} INFO - Executing <Task(PythonOperator): insert_data_to_district_daily> on 2023-07-21 23:16:30.887498+00:00
[2023-07-21 23:17:01,759] {standard_task_runner.py:52} INFO - Started process 5215 to run task
[2023-07-21 23:17:01,767] {standard_task_runner.py:79} INFO - Running: ['***', 'tasks', 'run', 'dag_digitalskola_finalproject', 'insert_data_to_district_daily', 'manual__2023-07-21T23:16:30.887498+00:00', '--job-id', '91', '--raw', '--subdir', 'DAGS_FOLDER/dag_digitalskola_finalproject.py', '--cfg-path', '/tmp/tmpvmr4k2uk', '--error-file', '/tmp/tmp4yc71l8m']
[2023-07-21 23:17:01,770] {standard_task_runner.py:80} INFO - Job 91: Subtask insert_data_to_district_daily
[2023-07-21 23:17:02,168] {task_command.py:369} INFO - Running <TaskInstance: dag_digitalskola_finalproject.insert_data_to_district_daily manual__2023-07-21T23:16:30.887498+00:00 [running]> on host 34be34978432
[2023-07-21 23:17:03,066] {taskinstance.py:1571} INFO - Exporting the following env vars:
AIRFLOW_CTX_DAG_OWNER=***
AIRFLOW_CTX_DAG_ID=dag_digitalskola_finalproject
AIRFLOW_CTX_TASK_ID=insert_data_to_district_daily
AIRFLOW_CTX_EXECUTION_DATE=2023-07-21T23:16:30.887498+00:00
AIRFLOW_CTX_TRY_NUMBER=1
AIRFLOW_CTX_DAG_RUN_ID=manual__2023-07-21T23:16:30.887498+00:00
[2023-07-21 23:17:03,567] {transformer.py:27} INFO - GET DATA FROM TABLE covid_jabar SUCCESS
[2023-07-21 23:17:03,869] {transformer.py:33} INFO - GET DATA FROM TABLE dim_case SUCCESS
[2023-07-21 23:17:04,584] {transformer.py:191} INFO - DATA INSERTED SUCCESS TO TABLE district_daily
[2023-07-21 23:17:04,586] {python.py:173} INFO - Done. Returned value was: None
[2023-07-21 23:17:04,633] {taskinstance.py:1400} INFO - Marking task as SUCCESS. dag_id=dag_digitalskola_finalproject, task_id=insert_data_to_district_daily, execution_date=20230721T231630, start_date=20230721T231701, end_date=20230721T231704
[2023-07-21 23:17:04,731] {local_task_job.py:156} INFO - Task exited with return code 0
[2023-07-21 23:17:04,824] {local_task_job.py:273} INFO - 0 downstream tasks scheduled from follow-on schedule check
