[2023-07-21 21:15:33,146] {taskinstance.py:1159} INFO - Dependencies all met for <TaskInstance: dag_digitalskola_finalproject.insert_data_to_province_daily manual__2023-07-21T21:15:28.892200+00:00 [queued]>
[2023-07-21 21:15:33,211] {taskinstance.py:1159} INFO - Dependencies all met for <TaskInstance: dag_digitalskola_finalproject.insert_data_to_province_daily manual__2023-07-21T21:15:28.892200+00:00 [queued]>
[2023-07-21 21:15:33,213] {taskinstance.py:1356} INFO - 
--------------------------------------------------------------------------------
[2023-07-21 21:15:33,218] {taskinstance.py:1357} INFO - Starting attempt 1 of 1
[2023-07-21 21:15:33,226] {taskinstance.py:1358} INFO - 
--------------------------------------------------------------------------------
[2023-07-21 21:15:33,274] {taskinstance.py:1377} INFO - Executing <Task(PythonOperator): insert_data_to_province_daily> on 2023-07-21 21:15:28.892200+00:00
[2023-07-21 21:15:33,299] {standard_task_runner.py:52} INFO - Started process 4160 to run task
[2023-07-21 21:15:33,305] {standard_task_runner.py:79} INFO - Running: ['***', 'tasks', 'run', 'dag_digitalskola_finalproject', 'insert_data_to_province_daily', 'manual__2023-07-21T21:15:28.892200+00:00', '--job-id', '80', '--raw', '--subdir', 'DAGS_FOLDER/dag_digitalskola_finalproject.py', '--cfg-path', '/tmp/tmp4bst5403', '--error-file', '/tmp/tmpl6pi8t9e']
[2023-07-21 21:15:33,309] {standard_task_runner.py:80} INFO - Job 80: Subtask insert_data_to_province_daily
[2023-07-21 21:15:34,325] {task_command.py:369} INFO - Running <TaskInstance: dag_digitalskola_finalproject.insert_data_to_province_daily manual__2023-07-21T21:15:28.892200+00:00 [running]> on host 34be34978432
[2023-07-21 21:15:34,826] {taskinstance.py:1571} INFO - Exporting the following env vars:
AIRFLOW_CTX_DAG_OWNER=***
AIRFLOW_CTX_DAG_ID=dag_digitalskola_finalproject
AIRFLOW_CTX_TASK_ID=insert_data_to_province_daily
AIRFLOW_CTX_EXECUTION_DATE=2023-07-21T21:15:28.892200+00:00
AIRFLOW_CTX_TRY_NUMBER=1
AIRFLOW_CTX_DAG_RUN_ID=manual__2023-07-21T21:15:28.892200+00:00
[2023-07-21 21:15:36,172] {transformer.py:18} INFO - GET DATA FROM TABLE covid_jabar SUCCESS
[2023-07-21 21:15:36,526] {logging_mixin.py:115} INFO -                       CLOSECONTACT  ...  suspect_meninggal
kode_prov tanggal                   ...                   
32        2020-08-05           274  ...                  0
          2020-08-06             0  ...                117
          2020-08-07             0  ...                  0
          2020-08-08             0  ...                  0
          2020-08-09             0  ...                  0
          2020-08-10            85  ...                  0

[6 rows x 18 columns]
[2023-07-21 21:15:36,529] {python.py:173} INFO - Done. Returned value was: None
[2023-07-21 21:15:36,730] {taskinstance.py:1400} INFO - Marking task as SUCCESS. dag_id=dag_digitalskola_finalproject, task_id=insert_data_to_province_daily, execution_date=20230721T211528, start_date=20230721T211533, end_date=20230721T211536
[2023-07-21 21:15:37,101] {local_task_job.py:156} INFO - Task exited with return code 0
[2023-07-21 21:15:37,185] {local_task_job.py:273} INFO - 0 downstream tasks scheduled from follow-on schedule check
