[2023-07-21 19:32:49,866] {taskinstance.py:1159} INFO - Dependencies all met for <TaskInstance: dag_digitalskola_finalproject.insert_data_to_dim_province manual__2023-07-21T19:32:40.031368+00:00 [queued]>
[2023-07-21 19:32:49,971] {taskinstance.py:1159} INFO - Dependencies all met for <TaskInstance: dag_digitalskola_finalproject.insert_data_to_dim_province manual__2023-07-21T19:32:40.031368+00:00 [queued]>
[2023-07-21 19:32:49,979] {taskinstance.py:1356} INFO - 
--------------------------------------------------------------------------------
[2023-07-21 19:32:49,982] {taskinstance.py:1357} INFO - Starting attempt 1 of 1
[2023-07-21 19:32:50,005] {taskinstance.py:1358} INFO - 
--------------------------------------------------------------------------------
[2023-07-21 19:32:50,129] {taskinstance.py:1377} INFO - Executing <Task(PythonOperator): insert_data_to_dim_province> on 2023-07-21 19:32:40.031368+00:00
[2023-07-21 19:32:50,199] {standard_task_runner.py:52} INFO - Started process 2894 to run task
[2023-07-21 19:32:50,247] {standard_task_runner.py:79} INFO - Running: ['***', 'tasks', 'run', 'dag_digitalskola_finalproject', 'insert_data_to_dim_province', 'manual__2023-07-21T19:32:40.031368+00:00', '--job-id', '50', '--raw', '--subdir', 'DAGS_FOLDER/dag_digitalskola_finalproject.py', '--cfg-path', '/tmp/tmpd96l_pi9', '--error-file', '/tmp/tmpmmatk8v_']
[2023-07-21 19:32:50,259] {standard_task_runner.py:80} INFO - Job 50: Subtask insert_data_to_dim_province
[2023-07-21 19:32:50,716] {task_command.py:369} INFO - Running <TaskInstance: dag_digitalskola_finalproject.insert_data_to_dim_province manual__2023-07-21T19:32:40.031368+00:00 [running]> on host 34be34978432
[2023-07-21 19:32:51,089] {taskinstance.py:1571} INFO - Exporting the following env vars:
AIRFLOW_CTX_DAG_OWNER=***
AIRFLOW_CTX_DAG_ID=dag_digitalskola_finalproject
AIRFLOW_CTX_TASK_ID=insert_data_to_dim_province
AIRFLOW_CTX_EXECUTION_DATE=2023-07-21T19:32:40.031368+00:00
AIRFLOW_CTX_TRY_NUMBER=1
AIRFLOW_CTX_DAG_RUN_ID=manual__2023-07-21T19:32:40.031368+00:00
[2023-07-21 19:32:51,368] {transformer.py:17} INFO - GET DATA FROM TABLE covid_jabar SUCCESS
[2023-07-21 19:32:51,402] {logging_mixin.py:115} INFO -     kode_prov   nama_prov
0          32  Jawa Barat
1          32  Jawa Barat
2          32  Jawa Barat
3          32  Jawa Barat
4          32  Jawa Barat
..        ...         ...
140        32  Jawa Barat
141        32  Jawa Barat
142        32  Jawa Barat
143        32  Jawa Barat
144        32  Jawa Barat

[145 rows x 2 columns]
[2023-07-21 19:32:51,427] {logging_mixin.py:115} INFO -   province_id province_name
0          32    Jawa Barat
[2023-07-21 19:32:51,645] {transformer.py:34} INFO - DATA INSERTED SUCCESS TO TABLE dim_province
[2023-07-21 19:32:51,647] {python.py:173} INFO - Done. Returned value was: None
[2023-07-21 19:32:51,689] {taskinstance.py:1400} INFO - Marking task as SUCCESS. dag_id=dag_digitalskola_finalproject, task_id=insert_data_to_dim_province, execution_date=20230721T193240, start_date=20230721T193249, end_date=20230721T193251
[2023-07-21 19:32:51,774] {local_task_job.py:156} INFO - Task exited with return code 0
[2023-07-21 19:32:52,087] {local_task_job.py:273} INFO - 0 downstream tasks scheduled from follow-on schedule check
