[2023-07-21 17:10:57,861] {taskinstance.py:1159} INFO - Dependencies all met for <TaskInstance: dag_digitalskola_finalproject.insert_data_to_staging manual__2023-07-21T17:10:39.382887+00:00 [queued]>
[2023-07-21 17:10:57,887] {taskinstance.py:1159} INFO - Dependencies all met for <TaskInstance: dag_digitalskola_finalproject.insert_data_to_staging manual__2023-07-21T17:10:39.382887+00:00 [queued]>
[2023-07-21 17:10:57,889] {taskinstance.py:1356} INFO - 
--------------------------------------------------------------------------------
[2023-07-21 17:10:57,892] {taskinstance.py:1357} INFO - Starting attempt 1 of 1
[2023-07-21 17:10:57,895] {taskinstance.py:1358} INFO - 
--------------------------------------------------------------------------------
[2023-07-21 17:10:57,937] {taskinstance.py:1377} INFO - Executing <Task(PythonOperator): insert_data_to_staging> on 2023-07-21 17:10:39.382887+00:00
[2023-07-21 17:10:57,949] {standard_task_runner.py:52} INFO - Started process 1140 to run task
[2023-07-21 17:10:57,962] {standard_task_runner.py:79} INFO - Running: ['***', 'tasks', 'run', 'dag_digitalskola_finalproject', 'insert_data_to_staging', 'manual__2023-07-21T17:10:39.382887+00:00', '--job-id', '10', '--raw', '--subdir', 'DAGS_FOLDER/dag_digitalskola_finalproject.py', '--cfg-path', '/tmp/tmpf2preaq0', '--error-file', '/tmp/tmp1dhnkjoq']
[2023-07-21 17:10:57,970] {standard_task_runner.py:80} INFO - Job 10: Subtask insert_data_to_staging
[2023-07-21 17:10:58,166] {task_command.py:369} INFO - Running <TaskInstance: dag_digitalskola_finalproject.insert_data_to_staging manual__2023-07-21T17:10:39.382887+00:00 [running]> on host 34be34978432
[2023-07-21 17:10:58,618] {taskinstance.py:1571} INFO - Exporting the following env vars:
AIRFLOW_CTX_DAG_OWNER=***
AIRFLOW_CTX_DAG_ID=dag_digitalskola_finalproject
AIRFLOW_CTX_TASK_ID=insert_data_to_staging
AIRFLOW_CTX_EXECUTION_DATE=2023-07-21T17:10:39.382887+00:00
AIRFLOW_CTX_TRY_NUMBER=1
AIRFLOW_CTX_DAG_RUN_ID=manual__2023-07-21T17:10:39.382887+00:00
[2023-07-21 17:10:58,681] {logging_mixin.py:115} INFO - MYSQL
[2023-07-21 17:10:58,694] {python.py:173} INFO - Done. Returned value was: None
[2023-07-21 17:10:58,769] {taskinstance.py:1400} INFO - Marking task as SUCCESS. dag_id=dag_digitalskola_finalproject, task_id=insert_data_to_staging, execution_date=20230721T171039, start_date=20230721T171057, end_date=20230721T171058
[2023-07-21 17:10:58,856] {local_task_job.py:156} INFO - Task exited with return code 0
[2023-07-21 17:10:59,044] {local_task_job.py:273} INFO - 1 downstream tasks scheduled from follow-on schedule check
