[2023-07-21 23:16:56,810] {taskinstance.py:1159} INFO - Dependencies all met for <TaskInstance: dag_digitalskola_finalproject.insert_data_to_province_daily manual__2023-07-21T23:16:30.887498+00:00 [queued]>
[2023-07-21 23:16:56,912] {taskinstance.py:1159} INFO - Dependencies all met for <TaskInstance: dag_digitalskola_finalproject.insert_data_to_province_daily manual__2023-07-21T23:16:30.887498+00:00 [queued]>
[2023-07-21 23:16:56,919] {taskinstance.py:1356} INFO - 
--------------------------------------------------------------------------------
[2023-07-21 23:16:56,927] {taskinstance.py:1357} INFO - Starting attempt 1 of 1
[2023-07-21 23:16:56,935] {taskinstance.py:1358} INFO - 
--------------------------------------------------------------------------------
[2023-07-21 23:16:57,082] {taskinstance.py:1377} INFO - Executing <Task(PythonOperator): insert_data_to_province_daily> on 2023-07-21 23:16:30.887498+00:00
[2023-07-21 23:16:57,115] {standard_task_runner.py:52} INFO - Started process 5212 to run task
[2023-07-21 23:16:57,150] {standard_task_runner.py:79} INFO - Running: ['***', 'tasks', 'run', 'dag_digitalskola_finalproject', 'insert_data_to_province_daily', 'manual__2023-07-21T23:16:30.887498+00:00', '--job-id', '90', '--raw', '--subdir', 'DAGS_FOLDER/dag_digitalskola_finalproject.py', '--cfg-path', '/tmp/tmp7ok8u8i6', '--error-file', '/tmp/tmpc_47xdm3']
[2023-07-21 23:16:57,169] {standard_task_runner.py:80} INFO - Job 90: Subtask insert_data_to_province_daily
[2023-07-21 23:16:57,661] {task_command.py:369} INFO - Running <TaskInstance: dag_digitalskola_finalproject.insert_data_to_province_daily manual__2023-07-21T23:16:30.887498+00:00 [running]> on host 34be34978432
[2023-07-21 23:16:57,907] {taskinstance.py:1571} INFO - Exporting the following env vars:
AIRFLOW_CTX_DAG_OWNER=***
AIRFLOW_CTX_DAG_ID=dag_digitalskola_finalproject
AIRFLOW_CTX_TASK_ID=insert_data_to_province_daily
AIRFLOW_CTX_EXECUTION_DATE=2023-07-21T23:16:30.887498+00:00
AIRFLOW_CTX_TRY_NUMBER=1
AIRFLOW_CTX_DAG_RUN_ID=manual__2023-07-21T23:16:30.887498+00:00
[2023-07-21 23:16:58,352] {transformer.py:27} INFO - GET DATA FROM TABLE covid_jabar SUCCESS
[2023-07-21 23:16:58,935] {transformer.py:33} INFO - GET DATA FROM TABLE dim_case SUCCESS
[2023-07-21 23:16:59,194] {transformer.py:148} INFO - DATA INSERTED SUCCESS TO TABLE province_daily
[2023-07-21 23:16:59,198] {python.py:173} INFO - Done. Returned value was: None
[2023-07-21 23:16:59,363] {taskinstance.py:1400} INFO - Marking task as SUCCESS. dag_id=dag_digitalskola_finalproject, task_id=insert_data_to_province_daily, execution_date=20230721T231630, start_date=20230721T231656, end_date=20230721T231659
[2023-07-21 23:16:59,483] {local_task_job.py:156} INFO - Task exited with return code 0
[2023-07-21 23:16:59,627] {local_task_job.py:273} INFO - 1 downstream tasks scheduled from follow-on schedule check
