[2023-07-21 19:32:44,706] {taskinstance.py:1159} INFO - Dependencies all met for <TaskInstance: dag_digitalskola_finalproject.insert_data_to_dim_case manual__2023-07-21T19:32:40.031368+00:00 [queued]>
[2023-07-21 19:32:44,773] {taskinstance.py:1159} INFO - Dependencies all met for <TaskInstance: dag_digitalskola_finalproject.insert_data_to_dim_case manual__2023-07-21T19:32:40.031368+00:00 [queued]>
[2023-07-21 19:32:44,780] {taskinstance.py:1356} INFO - 
--------------------------------------------------------------------------------
[2023-07-21 19:32:44,787] {taskinstance.py:1357} INFO - Starting attempt 1 of 1
[2023-07-21 19:32:44,789] {taskinstance.py:1358} INFO - 
--------------------------------------------------------------------------------
[2023-07-21 19:32:44,926] {taskinstance.py:1377} INFO - Executing <Task(PythonOperator): insert_data_to_dim_case> on 2023-07-21 19:32:40.031368+00:00
[2023-07-21 19:32:45,069] {standard_task_runner.py:52} INFO - Started process 2891 to run task
[2023-07-21 19:32:45,103] {standard_task_runner.py:79} INFO - Running: ['***', 'tasks', 'run', 'dag_digitalskola_finalproject', 'insert_data_to_dim_case', 'manual__2023-07-21T19:32:40.031368+00:00', '--job-id', '49', '--raw', '--subdir', 'DAGS_FOLDER/dag_digitalskola_finalproject.py', '--cfg-path', '/tmp/tmpw36s8t4v', '--error-file', '/tmp/tmp046iecfl']
[2023-07-21 19:32:45,145] {standard_task_runner.py:80} INFO - Job 49: Subtask insert_data_to_dim_case
[2023-07-21 19:32:45,794] {task_command.py:369} INFO - Running <TaskInstance: dag_digitalskola_finalproject.insert_data_to_dim_case manual__2023-07-21T19:32:40.031368+00:00 [running]> on host 34be34978432
[2023-07-21 19:32:46,308] {taskinstance.py:1571} INFO - Exporting the following env vars:
AIRFLOW_CTX_DAG_OWNER=***
AIRFLOW_CTX_DAG_ID=dag_digitalskola_finalproject
AIRFLOW_CTX_TASK_ID=insert_data_to_dim_case
AIRFLOW_CTX_EXECUTION_DATE=2023-07-21T19:32:40.031368+00:00
AIRFLOW_CTX_TRY_NUMBER=1
AIRFLOW_CTX_DAG_RUN_ID=manual__2023-07-21T19:32:40.031368+00:00
[2023-07-21 19:32:46,315] {python.py:173} INFO - Done. Returned value was: None
[2023-07-21 19:32:46,363] {taskinstance.py:1400} INFO - Marking task as SUCCESS. dag_id=dag_digitalskola_finalproject, task_id=insert_data_to_dim_case, execution_date=20230721T193240, start_date=20230721T193244, end_date=20230721T193246
[2023-07-21 19:32:46,497] {local_task_job.py:156} INFO - Task exited with return code 0
[2023-07-21 19:32:46,632] {local_task_job.py:273} INFO - 0 downstream tasks scheduled from follow-on schedule check
