[2023-07-21 17:44:34,235] {taskinstance.py:1159} INFO - Dependencies all met for <TaskInstance: dag_digitalskola_finalproject.fetch_covid_data manual__2023-07-21T17:44:28.961208+00:00 [queued]>
[2023-07-21 17:44:34,336] {taskinstance.py:1159} INFO - Dependencies all met for <TaskInstance: dag_digitalskola_finalproject.fetch_covid_data manual__2023-07-21T17:44:28.961208+00:00 [queued]>
[2023-07-21 17:44:34,340] {taskinstance.py:1356} INFO - 
--------------------------------------------------------------------------------
[2023-07-21 17:44:34,350] {taskinstance.py:1357} INFO - Starting attempt 1 of 1
[2023-07-21 17:44:34,353] {taskinstance.py:1358} INFO - 
--------------------------------------------------------------------------------
[2023-07-21 17:44:34,467] {taskinstance.py:1377} INFO - Executing <Task(PythonOperator): fetch_covid_data> on 2023-07-21 17:44:28.961208+00:00
[2023-07-21 17:44:34,490] {standard_task_runner.py:52} INFO - Started process 1532 to run task
[2023-07-21 17:44:34,547] {standard_task_runner.py:79} INFO - Running: ['***', 'tasks', 'run', 'dag_digitalskola_finalproject', 'fetch_covid_data', 'manual__2023-07-21T17:44:28.961208+00:00', '--job-id', '12', '--raw', '--subdir', 'DAGS_FOLDER/dag_digitalskola_finalproject.py', '--cfg-path', '/tmp/tmpgll88i8v', '--error-file', '/tmp/tmpvmh00xds']
[2023-07-21 17:44:34,550] {standard_task_runner.py:80} INFO - Job 12: Subtask fetch_covid_data
[2023-07-21 17:44:35,423] {task_command.py:369} INFO - Running <TaskInstance: dag_digitalskola_finalproject.fetch_covid_data manual__2023-07-21T17:44:28.961208+00:00 [running]> on host 34be34978432
[2023-07-21 17:44:36,860] {taskinstance.py:1571} INFO - Exporting the following env vars:
AIRFLOW_CTX_DAG_OWNER=***
AIRFLOW_CTX_DAG_ID=dag_digitalskola_finalproject
AIRFLOW_CTX_TASK_ID=fetch_covid_data
AIRFLOW_CTX_EXECUTION_DATE=2023-07-21T17:44:28.961208+00:00
AIRFLOW_CTX_TRY_NUMBER=1
AIRFLOW_CTX_DAG_RUN_ID=manual__2023-07-21T17:44:28.961208+00:00
[2023-07-21 17:44:37,048] {covid_scraper.py:13} INFO - GET DATA FROM API COMPLETED
[2023-07-21 17:44:37,074] {covid_scraper.py:15} INFO - CONVERT DATA FROM API TO DATAFRAME COMPLETED
[2023-07-21 17:44:40,236] {dag_digitalskola_finalproject.py:32} INFO - DATA INSERTED SUCCESS TO MYSQL
[2023-07-21 17:44:40,254] {python.py:173} INFO - Done. Returned value was: None
[2023-07-21 17:44:40,504] {taskinstance.py:1400} INFO - Marking task as SUCCESS. dag_id=dag_digitalskola_finalproject, task_id=fetch_covid_data, execution_date=20230721T174428, start_date=20230721T174434, end_date=20230721T174440
[2023-07-21 17:44:41,029] {local_task_job.py:156} INFO - Task exited with return code 0
[2023-07-21 17:44:41,375] {local_task_job.py:273} INFO - 1 downstream tasks scheduled from follow-on schedule check
