[2023-07-21 19:30:06,571] {taskinstance.py:1159} INFO - Dependencies all met for <TaskInstance: dag_digitalskola_finalproject.insert_data_to_dim_case manual__2023-07-21T19:30:03.095420+00:00 [queued]>
[2023-07-21 19:30:06,588] {taskinstance.py:1159} INFO - Dependencies all met for <TaskInstance: dag_digitalskola_finalproject.insert_data_to_dim_case manual__2023-07-21T19:30:03.095420+00:00 [queued]>
[2023-07-21 19:30:06,590] {taskinstance.py:1356} INFO - 
--------------------------------------------------------------------------------
[2023-07-21 19:30:06,592] {taskinstance.py:1357} INFO - Starting attempt 1 of 1
[2023-07-21 19:30:06,594] {taskinstance.py:1358} INFO - 
--------------------------------------------------------------------------------
[2023-07-21 19:30:06,695] {taskinstance.py:1377} INFO - Executing <Task(PythonOperator): insert_data_to_dim_case> on 2023-07-21 19:30:03.095420+00:00
[2023-07-21 19:30:06,721] {standard_task_runner.py:52} INFO - Started process 2848 to run task
[2023-07-21 19:30:06,758] {standard_task_runner.py:79} INFO - Running: ['***', 'tasks', 'run', 'dag_digitalskola_finalproject', 'insert_data_to_dim_case', 'manual__2023-07-21T19:30:03.095420+00:00', '--job-id', '44', '--raw', '--subdir', 'DAGS_FOLDER/dag_digitalskola_finalproject.py', '--cfg-path', '/tmp/tmpwl1zg39h', '--error-file', '/tmp/tmpjnhm0mx4']
[2023-07-21 19:30:06,761] {standard_task_runner.py:80} INFO - Job 44: Subtask insert_data_to_dim_case
[2023-07-21 19:30:07,150] {task_command.py:369} INFO - Running <TaskInstance: dag_digitalskola_finalproject.insert_data_to_dim_case manual__2023-07-21T19:30:03.095420+00:00 [running]> on host 34be34978432
[2023-07-21 19:30:07,404] {taskinstance.py:1571} INFO - Exporting the following env vars:
AIRFLOW_CTX_DAG_OWNER=***
AIRFLOW_CTX_DAG_ID=dag_digitalskola_finalproject
AIRFLOW_CTX_TASK_ID=insert_data_to_dim_case
AIRFLOW_CTX_EXECUTION_DATE=2023-07-21T19:30:03.095420+00:00
AIRFLOW_CTX_TRY_NUMBER=1
AIRFLOW_CTX_DAG_RUN_ID=manual__2023-07-21T19:30:03.095420+00:00
[2023-07-21 19:30:07,416] {python.py:173} INFO - Done. Returned value was: None
[2023-07-21 19:30:07,482] {taskinstance.py:1400} INFO - Marking task as SUCCESS. dag_id=dag_digitalskola_finalproject, task_id=insert_data_to_dim_case, execution_date=20230721T193003, start_date=20230721T193006, end_date=20230721T193007
[2023-07-21 19:30:07,531] {local_task_job.py:156} INFO - Task exited with return code 0
[2023-07-21 19:30:07,626] {local_task_job.py:273} INFO - 0 downstream tasks scheduled from follow-on schedule check
