[2023-07-21 23:47:01,780] {taskinstance.py:1159} INFO - Dependencies all met for <TaskInstance: dag_digitalskola_finalproject.insert_data_to_district_daily manual__2023-07-21T23:46:17.846159+00:00 [queued]>
[2023-07-21 23:47:01,880] {taskinstance.py:1159} INFO - Dependencies all met for <TaskInstance: dag_digitalskola_finalproject.insert_data_to_district_daily manual__2023-07-21T23:46:17.846159+00:00 [queued]>
[2023-07-21 23:47:01,884] {taskinstance.py:1356} INFO - 
--------------------------------------------------------------------------------
[2023-07-21 23:47:01,896] {taskinstance.py:1357} INFO - Starting attempt 1 of 1
[2023-07-21 23:47:01,898] {taskinstance.py:1358} INFO - 
--------------------------------------------------------------------------------
[2023-07-21 23:47:02,027] {taskinstance.py:1377} INFO - Executing <Task(PythonOperator): insert_data_to_district_daily> on 2023-07-21 23:46:17.846159+00:00
[2023-07-21 23:47:02,062] {standard_task_runner.py:52} INFO - Started process 5571 to run task
[2023-07-21 23:47:02,145] {standard_task_runner.py:79} INFO - Running: ['***', 'tasks', 'run', 'dag_digitalskola_finalproject', 'insert_data_to_district_daily', 'manual__2023-07-21T23:46:17.846159+00:00', '--job-id', '97', '--raw', '--subdir', 'DAGS_FOLDER/dag_digitalskola_finalproject.py', '--cfg-path', '/tmp/tmpfo05qivn', '--error-file', '/tmp/tmp598kr32t']
[2023-07-21 23:47:02,150] {standard_task_runner.py:80} INFO - Job 97: Subtask insert_data_to_district_daily
[2023-07-21 23:47:02,729] {task_command.py:369} INFO - Running <TaskInstance: dag_digitalskola_finalproject.insert_data_to_district_daily manual__2023-07-21T23:46:17.846159+00:00 [running]> on host 34be34978432
[2023-07-21 23:47:03,231] {taskinstance.py:1571} INFO - Exporting the following env vars:
AIRFLOW_CTX_DAG_OWNER=***
AIRFLOW_CTX_DAG_ID=dag_digitalskola_finalproject
AIRFLOW_CTX_TASK_ID=insert_data_to_district_daily
AIRFLOW_CTX_EXECUTION_DATE=2023-07-21T23:46:17.846159+00:00
AIRFLOW_CTX_TRY_NUMBER=1
AIRFLOW_CTX_DAG_RUN_ID=manual__2023-07-21T23:46:17.846159+00:00
[2023-07-21 23:47:03,661] {transformer.py:22} INFO - GET DATA FROM TABLE covid_jabar SUCCESS
[2023-07-21 23:47:04,130] {transformer.py:28} INFO - GET DATA FROM TABLE dim_case SUCCESS
[2023-07-21 23:47:05,297] {transformer.py:186} INFO - DATA INSERTED SUCCESS TO TABLE district_daily
[2023-07-21 23:47:05,376] {python.py:173} INFO - Done. Returned value was: None
[2023-07-21 23:47:05,428] {taskinstance.py:1400} INFO - Marking task as SUCCESS. dag_id=dag_digitalskola_finalproject, task_id=insert_data_to_district_daily, execution_date=20230721T234617, start_date=20230721T234701, end_date=20230721T234705
[2023-07-21 23:47:05,533] {local_task_job.py:156} INFO - Task exited with return code 0
[2023-07-21 23:47:05,681] {local_task_job.py:273} INFO - 0 downstream tasks scheduled from follow-on schedule check
