[2023-07-21 21:10:22,912] {taskinstance.py:1159} INFO - Dependencies all met for <TaskInstance: dag_digitalskola_finalproject.insert_data_to_dim_case manual__2023-07-21T21:09:54.797013+00:00 [queued]>
[2023-07-21 21:10:22,979] {taskinstance.py:1159} INFO - Dependencies all met for <TaskInstance: dag_digitalskola_finalproject.insert_data_to_dim_case manual__2023-07-21T21:09:54.797013+00:00 [queued]>
[2023-07-21 21:10:22,983] {taskinstance.py:1356} INFO - 
--------------------------------------------------------------------------------
[2023-07-21 21:10:22,990] {taskinstance.py:1357} INFO - Starting attempt 1 of 1
[2023-07-21 21:10:22,991] {taskinstance.py:1358} INFO - 
--------------------------------------------------------------------------------
[2023-07-21 21:10:23,050] {taskinstance.py:1377} INFO - Executing <Task(PythonOperator): insert_data_to_dim_case> on 2023-07-21 21:09:54.797013+00:00
[2023-07-21 21:10:23,064] {standard_task_runner.py:52} INFO - Started process 4091 to run task
[2023-07-21 21:10:23,089] {standard_task_runner.py:79} INFO - Running: ['***', 'tasks', 'run', 'dag_digitalskola_finalproject', 'insert_data_to_dim_case', 'manual__2023-07-21T21:09:54.797013+00:00', '--job-id', '77', '--raw', '--subdir', 'DAGS_FOLDER/dag_digitalskola_finalproject.py', '--cfg-path', '/tmp/tmp018gmyfe', '--error-file', '/tmp/tmpgd5c8veg']
[2023-07-21 21:10:23,096] {standard_task_runner.py:80} INFO - Job 77: Subtask insert_data_to_dim_case
[2023-07-21 21:10:23,308] {task_command.py:369} INFO - Running <TaskInstance: dag_digitalskola_finalproject.insert_data_to_dim_case manual__2023-07-21T21:09:54.797013+00:00 [running]> on host 34be34978432
[2023-07-21 21:10:24,097] {taskinstance.py:1571} INFO - Exporting the following env vars:
AIRFLOW_CTX_DAG_OWNER=***
AIRFLOW_CTX_DAG_ID=dag_digitalskola_finalproject
AIRFLOW_CTX_TASK_ID=insert_data_to_dim_case
AIRFLOW_CTX_EXECUTION_DATE=2023-07-21T21:09:54.797013+00:00
AIRFLOW_CTX_TRY_NUMBER=1
AIRFLOW_CTX_DAG_RUN_ID=manual__2023-07-21T21:09:54.797013+00:00
[2023-07-21 21:10:24,694] {transformer.py:90} INFO - DATA INSERTED SUCCESS TO TABLE dim_case
[2023-07-21 21:10:24,697] {python.py:173} INFO - Done. Returned value was: None
[2023-07-21 21:10:25,679] {taskinstance.py:1400} INFO - Marking task as SUCCESS. dag_id=dag_digitalskola_finalproject, task_id=insert_data_to_dim_case, execution_date=20230721T210954, start_date=20230721T211022, end_date=20230721T211025
[2023-07-21 21:10:26,679] {local_task_job.py:156} INFO - Task exited with return code 0
[2023-07-21 21:10:26,951] {local_task_job.py:273} INFO - 1 downstream tasks scheduled from follow-on schedule check
