[2023-07-21 17:09:22,312] {taskinstance.py:1159} INFO - Dependencies all met for <TaskInstance: dag_digitalskola_finalproject.fetch_covid_data manual__2023-07-21T17:09:14.493749+00:00 [queued]>
[2023-07-21 17:09:22,403] {taskinstance.py:1159} INFO - Dependencies all met for <TaskInstance: dag_digitalskola_finalproject.fetch_covid_data manual__2023-07-21T17:09:14.493749+00:00 [queued]>
[2023-07-21 17:09:22,421] {taskinstance.py:1356} INFO - 
--------------------------------------------------------------------------------
[2023-07-21 17:09:22,480] {taskinstance.py:1357} INFO - Starting attempt 1 of 1
[2023-07-21 17:09:22,482] {taskinstance.py:1358} INFO - 
--------------------------------------------------------------------------------
[2023-07-21 17:09:22,630] {taskinstance.py:1377} INFO - Executing <Task(PythonOperator): fetch_covid_data> on 2023-07-21 17:09:14.493749+00:00
[2023-07-21 17:09:22,684] {standard_task_runner.py:52} INFO - Started process 1112 to run task
[2023-07-21 17:09:22,737] {standard_task_runner.py:79} INFO - Running: ['***', 'tasks', 'run', 'dag_digitalskola_finalproject', 'fetch_covid_data', 'manual__2023-07-21T17:09:14.493749+00:00', '--job-id', '6', '--raw', '--subdir', 'DAGS_FOLDER/dag_digitalskola_finalproject.py', '--cfg-path', '/tmp/tmppyu5gyd_', '--error-file', '/tmp/tmpsauz7wi8']
[2023-07-21 17:09:22,763] {standard_task_runner.py:80} INFO - Job 6: Subtask fetch_covid_data
[2023-07-21 17:09:23,832] {task_command.py:369} INFO - Running <TaskInstance: dag_digitalskola_finalproject.fetch_covid_data manual__2023-07-21T17:09:14.493749+00:00 [running]> on host 34be34978432
[2023-07-21 17:09:25,391] {taskinstance.py:1571} INFO - Exporting the following env vars:
AIRFLOW_CTX_DAG_OWNER=***
AIRFLOW_CTX_DAG_ID=dag_digitalskola_finalproject
AIRFLOW_CTX_TASK_ID=fetch_covid_data
AIRFLOW_CTX_EXECUTION_DATE=2023-07-21T17:09:14.493749+00:00
AIRFLOW_CTX_TRY_NUMBER=1
AIRFLOW_CTX_DAG_RUN_ID=manual__2023-07-21T17:09:14.493749+00:00
[2023-07-21 17:09:25,835] {covid_scraper.py:13} INFO - GET DATA FROM API COMPLETED
[2023-07-21 17:09:26,027] {covid_scraper.py:15} INFO - CONVERT DATA FROM API TO DATAFRAME COMPLETED
[2023-07-21 17:09:26,867] {logging_mixin.py:115} INFO -      CLOSECONTACT  CONFIRMATION  ...  suspect_meninggal     tanggal
0             274             0  ...                  0  2020-08-05
1             534             0  ...                  0  2020-08-05
2            2127             0  ...                  0  2020-08-05
3               0             0  ...                  0  2020-08-05
4            1295             0  ...                  0  2020-08-05
..            ...           ...  ...                ...         ...
140            32             0  ...                  2  2020-08-10
141             0             0  ...                  0  2020-08-10
142             0             2  ...                  0  2020-08-10
143            12             0  ...                  0  2020-08-10
144            28             1  ...                  0  2020-08-10

[145 rows x 20 columns]
[2023-07-21 17:09:26,916] {python.py:173} INFO - Done. Returned value was: None
[2023-07-21 17:09:27,111] {taskinstance.py:1400} INFO - Marking task as SUCCESS. dag_id=dag_digitalskola_finalproject, task_id=fetch_covid_data, execution_date=20230721T170914, start_date=20230721T170922, end_date=20230721T170927
[2023-07-21 17:09:27,457] {local_task_job.py:156} INFO - Task exited with return code 0
[2023-07-21 17:09:28,126] {local_task_job.py:273} INFO - 1 downstream tasks scheduled from follow-on schedule check
