[2023-07-21 17:09:41,267] {taskinstance.py:1159} INFO - Dependencies all met for <TaskInstance: dag_digitalskola_finalproject.insert_data_to_dwh manual__2023-07-21T17:09:14.493749+00:00 [queued]>
[2023-07-21 17:09:41,307] {taskinstance.py:1159} INFO - Dependencies all met for <TaskInstance: dag_digitalskola_finalproject.insert_data_to_dwh manual__2023-07-21T17:09:14.493749+00:00 [queued]>
[2023-07-21 17:09:41,309] {taskinstance.py:1356} INFO - 
--------------------------------------------------------------------------------
[2023-07-21 17:09:41,311] {taskinstance.py:1357} INFO - Starting attempt 1 of 1
[2023-07-21 17:09:41,314] {taskinstance.py:1358} INFO - 
--------------------------------------------------------------------------------
[2023-07-21 17:09:41,376] {taskinstance.py:1377} INFO - Executing <Task(PythonOperator): insert_data_to_dwh> on 2023-07-21 17:09:14.493749+00:00
[2023-07-21 17:09:41,425] {standard_task_runner.py:52} INFO - Started process 1118 to run task
[2023-07-21 17:09:41,447] {standard_task_runner.py:79} INFO - Running: ['***', 'tasks', 'run', 'dag_digitalskola_finalproject', 'insert_data_to_dwh', 'manual__2023-07-21T17:09:14.493749+00:00', '--job-id', '8', '--raw', '--subdir', 'DAGS_FOLDER/dag_digitalskola_finalproject.py', '--cfg-path', '/tmp/tmpbclfsice', '--error-file', '/tmp/tmprrsy6cv3']
[2023-07-21 17:09:41,482] {standard_task_runner.py:80} INFO - Job 8: Subtask insert_data_to_dwh
[2023-07-21 17:09:41,705] {task_command.py:369} INFO - Running <TaskInstance: dag_digitalskola_finalproject.insert_data_to_dwh manual__2023-07-21T17:09:14.493749+00:00 [running]> on host 34be34978432
[2023-07-21 17:09:41,851] {taskinstance.py:1571} INFO - Exporting the following env vars:
AIRFLOW_CTX_DAG_OWNER=***
AIRFLOW_CTX_DAG_ID=dag_digitalskola_finalproject
AIRFLOW_CTX_TASK_ID=insert_data_to_dwh
AIRFLOW_CTX_EXECUTION_DATE=2023-07-21T17:09:14.493749+00:00
AIRFLOW_CTX_TRY_NUMBER=1
AIRFLOW_CTX_DAG_RUN_ID=manual__2023-07-21T17:09:14.493749+00:00
[2023-07-21 17:09:41,869] {logging_mixin.py:115} INFO - POSTGRES
[2023-07-21 17:09:41,870] {python.py:173} INFO - Done. Returned value was: None
[2023-07-21 17:09:41,903] {taskinstance.py:1400} INFO - Marking task as SUCCESS. dag_id=dag_digitalskola_finalproject, task_id=insert_data_to_dwh, execution_date=20230721T170914, start_date=20230721T170941, end_date=20230721T170941
[2023-07-21 17:09:41,958] {local_task_job.py:156} INFO - Task exited with return code 0
[2023-07-21 17:09:42,022] {local_task_job.py:273} INFO - 0 downstream tasks scheduled from follow-on schedule check
