[2023-07-21 23:46:23,211] {taskinstance.py:1159} INFO - Dependencies all met for <TaskInstance: dag_digitalskola_finalproject.fetch_covid_data manual__2023-07-21T23:46:17.846159+00:00 [queued]>
[2023-07-21 23:46:23,257] {taskinstance.py:1159} INFO - Dependencies all met for <TaskInstance: dag_digitalskola_finalproject.fetch_covid_data manual__2023-07-21T23:46:17.846159+00:00 [queued]>
[2023-07-21 23:46:23,260] {taskinstance.py:1356} INFO - 
--------------------------------------------------------------------------------
[2023-07-21 23:46:23,263] {taskinstance.py:1357} INFO - Starting attempt 1 of 1
[2023-07-21 23:46:23,266] {taskinstance.py:1358} INFO - 
--------------------------------------------------------------------------------
[2023-07-21 23:46:23,321] {taskinstance.py:1377} INFO - Executing <Task(PythonOperator): fetch_covid_data> on 2023-07-21 23:46:17.846159+00:00
[2023-07-21 23:46:23,341] {standard_task_runner.py:52} INFO - Started process 5550 to run task
[2023-07-21 23:46:23,372] {standard_task_runner.py:79} INFO - Running: ['***', 'tasks', 'run', 'dag_digitalskola_finalproject', 'fetch_covid_data', 'manual__2023-07-21T23:46:17.846159+00:00', '--job-id', '92', '--raw', '--subdir', 'DAGS_FOLDER/dag_digitalskola_finalproject.py', '--cfg-path', '/tmp/tmpdu7avu5j', '--error-file', '/tmp/tmpuaalv14c']
[2023-07-21 23:46:23,378] {standard_task_runner.py:80} INFO - Job 92: Subtask fetch_covid_data
[2023-07-21 23:46:23,907] {task_command.py:369} INFO - Running <TaskInstance: dag_digitalskola_finalproject.fetch_covid_data manual__2023-07-21T23:46:17.846159+00:00 [running]> on host 34be34978432
[2023-07-21 23:46:24,397] {taskinstance.py:1571} INFO - Exporting the following env vars:
AIRFLOW_CTX_DAG_OWNER=***
AIRFLOW_CTX_DAG_ID=dag_digitalskola_finalproject
AIRFLOW_CTX_TASK_ID=fetch_covid_data
AIRFLOW_CTX_EXECUTION_DATE=2023-07-21T23:46:17.846159+00:00
AIRFLOW_CTX_TRY_NUMBER=1
AIRFLOW_CTX_DAG_RUN_ID=manual__2023-07-21T23:46:17.846159+00:00
[2023-07-21 23:46:24,542] {covid_scraper.py:13} INFO - GET DATA FROM API COMPLETED
[2023-07-21 23:46:24,575] {covid_scraper.py:15} INFO - CONVERT DATA FROM API TO DATAFRAME COMPLETED
[2023-07-21 23:46:25,390] {dag_digitalskola_finalproject.py:44} INFO - DATA INSERTED SUCCESS TO MYSQL
[2023-07-21 23:46:25,403] {python.py:173} INFO - Done. Returned value was: None
[2023-07-21 23:46:25,551] {taskinstance.py:1400} INFO - Marking task as SUCCESS. dag_id=dag_digitalskola_finalproject, task_id=fetch_covid_data, execution_date=20230721T234617, start_date=20230721T234623, end_date=20230721T234625
[2023-07-21 23:46:25,787] {local_task_job.py:156} INFO - Task exited with return code 0
[2023-07-21 23:46:26,377] {local_task_job.py:273} INFO - 1 downstream tasks scheduled from follow-on schedule check
