[2023-07-21 18:37:23,431] {taskinstance.py:1159} INFO - Dependencies all met for <TaskInstance: dag_digitalskola_finalproject.insert_data_to_dwh manual__2023-07-21T18:37:08.553806+00:00 [queued]>
[2023-07-21 18:37:23,573] {taskinstance.py:1159} INFO - Dependencies all met for <TaskInstance: dag_digitalskola_finalproject.insert_data_to_dwh manual__2023-07-21T18:37:08.553806+00:00 [queued]>
[2023-07-21 18:37:23,576] {taskinstance.py:1356} INFO - 
--------------------------------------------------------------------------------
[2023-07-21 18:37:23,587] {taskinstance.py:1357} INFO - Starting attempt 1 of 1
[2023-07-21 18:37:23,633] {taskinstance.py:1358} INFO - 
--------------------------------------------------------------------------------
[2023-07-21 18:37:24,405] {taskinstance.py:1377} INFO - Executing <Task(PythonOperator): insert_data_to_dwh> on 2023-07-21 18:37:08.553806+00:00
[2023-07-21 18:37:24,627] {standard_task_runner.py:52} INFO - Started process 2163 to run task
[2023-07-21 18:37:24,994] {standard_task_runner.py:79} INFO - Running: ['***', 'tasks', 'run', 'dag_digitalskola_finalproject', 'insert_data_to_dwh', 'manual__2023-07-21T18:37:08.553806+00:00', '--job-id', '23', '--raw', '--subdir', 'DAGS_FOLDER/dag_digitalskola_finalproject.py', '--cfg-path', '/tmp/tmp7j8c07_p', '--error-file', '/tmp/tmpwna56ft3']
[2023-07-21 18:37:25,175] {standard_task_runner.py:80} INFO - Job 23: Subtask insert_data_to_dwh
[2023-07-21 18:37:31,900] {task_command.py:369} INFO - Running <TaskInstance: dag_digitalskola_finalproject.insert_data_to_dwh manual__2023-07-21T18:37:08.553806+00:00 [running]> on host 34be34978432
[2023-07-21 18:37:34,062] {taskinstance.py:1571} INFO - Exporting the following env vars:
AIRFLOW_CTX_DAG_OWNER=***
AIRFLOW_CTX_DAG_ID=dag_digitalskola_finalproject
AIRFLOW_CTX_TASK_ID=insert_data_to_dwh
AIRFLOW_CTX_EXECUTION_DATE=2023-07-21T18:37:08.553806+00:00
AIRFLOW_CTX_TRY_NUMBER=1
AIRFLOW_CTX_DAG_RUN_ID=manual__2023-07-21T18:37:08.553806+00:00
[2023-07-21 18:37:34,555] {logging_mixin.py:115} INFO - POSTGRES
[2023-07-21 18:37:34,561] {python.py:173} INFO - Done. Returned value was: None
[2023-07-21 18:37:35,908] {taskinstance.py:1400} INFO - Marking task as SUCCESS. dag_id=dag_digitalskola_finalproject, task_id=insert_data_to_dwh, execution_date=20230721T183708, start_date=20230721T183723, end_date=20230721T183735
[2023-07-21 18:37:36,762] {local_task_job.py:156} INFO - Task exited with return code 0
[2023-07-21 18:37:37,650] {local_task_job.py:273} INFO - 0 downstream tasks scheduled from follow-on schedule check
