[2023-07-21 16:52:22,304] {taskinstance.py:1159} INFO - Dependencies all met for <TaskInstance: dag_digitalskola_finalproject.insert_data_to_dwh manual__2023-07-21T16:52:08.407904+00:00 [queued]>
[2023-07-21 16:52:22,372] {taskinstance.py:1159} INFO - Dependencies all met for <TaskInstance: dag_digitalskola_finalproject.insert_data_to_dwh manual__2023-07-21T16:52:08.407904+00:00 [queued]>
[2023-07-21 16:52:22,374] {taskinstance.py:1356} INFO - 
--------------------------------------------------------------------------------
[2023-07-21 16:52:22,390] {taskinstance.py:1357} INFO - Starting attempt 1 of 1
[2023-07-21 16:52:22,403] {taskinstance.py:1358} INFO - 
--------------------------------------------------------------------------------
[2023-07-21 16:52:22,519] {taskinstance.py:1377} INFO - Executing <Task(PythonOperator): insert_data_to_dwh> on 2023-07-21 16:52:08.407904+00:00
[2023-07-21 16:52:22,542] {standard_task_runner.py:52} INFO - Started process 932 to run task
[2023-07-21 16:52:22,593] {standard_task_runner.py:79} INFO - Running: ['***', 'tasks', 'run', 'dag_digitalskola_finalproject', 'insert_data_to_dwh', 'manual__2023-07-21T16:52:08.407904+00:00', '--job-id', '5', '--raw', '--subdir', 'DAGS_FOLDER/dag_digitalskola_finalproject.py', '--cfg-path', '/tmp/tmpg5ksm4tz', '--error-file', '/tmp/tmpckepkcvn']
[2023-07-21 16:52:22,610] {standard_task_runner.py:80} INFO - Job 5: Subtask insert_data_to_dwh
[2023-07-21 16:52:23,443] {task_command.py:369} INFO - Running <TaskInstance: dag_digitalskola_finalproject.insert_data_to_dwh manual__2023-07-21T16:52:08.407904+00:00 [running]> on host 34be34978432
[2023-07-21 16:52:25,908] {taskinstance.py:1571} INFO - Exporting the following env vars:
AIRFLOW_CTX_DAG_OWNER=***
AIRFLOW_CTX_DAG_ID=dag_digitalskola_finalproject
AIRFLOW_CTX_TASK_ID=insert_data_to_dwh
AIRFLOW_CTX_EXECUTION_DATE=2023-07-21T16:52:08.407904+00:00
AIRFLOW_CTX_TRY_NUMBER=1
AIRFLOW_CTX_DAG_RUN_ID=manual__2023-07-21T16:52:08.407904+00:00
[2023-07-21 16:52:26,238] {logging_mixin.py:115} INFO - POSTGRES
[2023-07-21 16:52:26,276] {python.py:173} INFO - Done. Returned value was: None
[2023-07-21 16:52:26,510] {taskinstance.py:1400} INFO - Marking task as SUCCESS. dag_id=dag_digitalskola_finalproject, task_id=insert_data_to_dwh, execution_date=20230721T165208, start_date=20230721T165222, end_date=20230721T165226
[2023-07-21 16:52:26,895] {local_task_job.py:156} INFO - Task exited with return code 0
[2023-07-21 16:52:27,389] {local_task_job.py:273} INFO - 0 downstream tasks scheduled from follow-on schedule check
