[2023-07-21 18:46:32,998] {taskinstance.py:1159} INFO - Dependencies all met for <TaskInstance: dag_digitalskola_finalproject.insert_data_to_dwh manual__2023-07-21T18:46:13.741514+00:00 [queued]>
[2023-07-21 18:46:33,184] {taskinstance.py:1159} INFO - Dependencies all met for <TaskInstance: dag_digitalskola_finalproject.insert_data_to_dwh manual__2023-07-21T18:46:13.741514+00:00 [queued]>
[2023-07-21 18:46:33,191] {taskinstance.py:1356} INFO - 
--------------------------------------------------------------------------------
[2023-07-21 18:46:33,194] {taskinstance.py:1357} INFO - Starting attempt 1 of 1
[2023-07-21 18:46:33,217] {taskinstance.py:1358} INFO - 
--------------------------------------------------------------------------------
[2023-07-21 18:46:33,544] {taskinstance.py:1377} INFO - Executing <Task(PythonOperator): insert_data_to_dwh> on 2023-07-21 18:46:13.741514+00:00
[2023-07-21 18:46:33,658] {standard_task_runner.py:52} INFO - Started process 2275 to run task
[2023-07-21 18:46:33,794] {standard_task_runner.py:79} INFO - Running: ['***', 'tasks', 'run', 'dag_digitalskola_finalproject', 'insert_data_to_dwh', 'manual__2023-07-21T18:46:13.741514+00:00', '--job-id', '27', '--raw', '--subdir', 'DAGS_FOLDER/dag_digitalskola_finalproject.py', '--cfg-path', '/tmp/tmpo_uy_fn8', '--error-file', '/tmp/tmpqarfweus']
[2023-07-21 18:46:33,810] {standard_task_runner.py:80} INFO - Job 27: Subtask insert_data_to_dwh
[2023-07-21 18:46:37,008] {task_command.py:369} INFO - Running <TaskInstance: dag_digitalskola_finalproject.insert_data_to_dwh manual__2023-07-21T18:46:13.741514+00:00 [running]> on host 34be34978432
[2023-07-21 18:46:38,656] {taskinstance.py:1571} INFO - Exporting the following env vars:
AIRFLOW_CTX_DAG_OWNER=***
AIRFLOW_CTX_DAG_ID=dag_digitalskola_finalproject
AIRFLOW_CTX_TASK_ID=insert_data_to_dwh
AIRFLOW_CTX_EXECUTION_DATE=2023-07-21T18:46:13.741514+00:00
AIRFLOW_CTX_TRY_NUMBER=1
AIRFLOW_CTX_DAG_RUN_ID=manual__2023-07-21T18:46:13.741514+00:00
[2023-07-21 18:46:39,129] {logging_mixin.py:115} INFO - POSTGRES
[2023-07-21 18:46:39,164] {python.py:173} INFO - Done. Returned value was: None
[2023-07-21 18:46:40,147] {taskinstance.py:1400} INFO - Marking task as SUCCESS. dag_id=dag_digitalskola_finalproject, task_id=insert_data_to_dwh, execution_date=20230721T184613, start_date=20230721T184633, end_date=20230721T184640
[2023-07-21 18:46:40,931] {local_task_job.py:156} INFO - Task exited with return code 0
[2023-07-21 18:46:42,595] {local_task_job.py:273} INFO - 0 downstream tasks scheduled from follow-on schedule check
