[2023-07-21 23:47:27,443] {taskinstance.py:1159} INFO - Dependencies all met for <TaskInstance: dag_digitalskola_finalproject.fetch_covid_data manual__2023-07-21T23:47:22.551863+00:00 [queued]>
[2023-07-21 23:47:27,538] {taskinstance.py:1159} INFO - Dependencies all met for <TaskInstance: dag_digitalskola_finalproject.fetch_covid_data manual__2023-07-21T23:47:22.551863+00:00 [queued]>
[2023-07-21 23:47:27,545] {taskinstance.py:1356} INFO - 
--------------------------------------------------------------------------------
[2023-07-21 23:47:27,555] {taskinstance.py:1357} INFO - Starting attempt 1 of 1
[2023-07-21 23:47:27,561] {taskinstance.py:1358} INFO - 
--------------------------------------------------------------------------------
[2023-07-21 23:47:27,624] {taskinstance.py:1377} INFO - Executing <Task(PythonOperator): fetch_covid_data> on 2023-07-21 23:47:22.551863+00:00
[2023-07-21 23:47:27,635] {standard_task_runner.py:52} INFO - Started process 5580 to run task
[2023-07-21 23:47:27,655] {standard_task_runner.py:79} INFO - Running: ['***', 'tasks', 'run', 'dag_digitalskola_finalproject', 'fetch_covid_data', 'manual__2023-07-21T23:47:22.551863+00:00', '--job-id', '98', '--raw', '--subdir', 'DAGS_FOLDER/dag_digitalskola_finalproject.py', '--cfg-path', '/tmp/tmp2_xzpoxj', '--error-file', '/tmp/tmp6ubb7t4p']
[2023-07-21 23:47:27,659] {standard_task_runner.py:80} INFO - Job 98: Subtask fetch_covid_data
[2023-07-21 23:47:27,945] {task_command.py:369} INFO - Running <TaskInstance: dag_digitalskola_finalproject.fetch_covid_data manual__2023-07-21T23:47:22.551863+00:00 [running]> on host 34be34978432
[2023-07-21 23:47:28,318] {taskinstance.py:1571} INFO - Exporting the following env vars:
AIRFLOW_CTX_DAG_OWNER=***
AIRFLOW_CTX_DAG_ID=dag_digitalskola_finalproject
AIRFLOW_CTX_TASK_ID=fetch_covid_data
AIRFLOW_CTX_EXECUTION_DATE=2023-07-21T23:47:22.551863+00:00
AIRFLOW_CTX_TRY_NUMBER=1
AIRFLOW_CTX_DAG_RUN_ID=manual__2023-07-21T23:47:22.551863+00:00
[2023-07-21 23:47:28,484] {covid_scraper.py:13} INFO - GET DATA FROM API COMPLETED
[2023-07-21 23:47:28,528] {covid_scraper.py:15} INFO - CONVERT DATA FROM API TO DATAFRAME COMPLETED
[2023-07-21 23:47:30,978] {dag_digitalskola_finalproject.py:44} INFO - DATA INSERTED SUCCESS TO MYSQL
[2023-07-21 23:47:31,001] {python.py:173} INFO - Done. Returned value was: None
[2023-07-21 23:47:31,088] {taskinstance.py:1400} INFO - Marking task as SUCCESS. dag_id=dag_digitalskola_finalproject, task_id=fetch_covid_data, execution_date=20230721T234722, start_date=20230721T234727, end_date=20230721T234731
[2023-07-21 23:47:31,204] {local_task_job.py:156} INFO - Task exited with return code 0
[2023-07-21 23:47:31,456] {local_task_job.py:273} INFO - 0 downstream tasks scheduled from follow-on schedule check
