[2023-07-21 23:56:05,468] {taskinstance.py:1159} INFO - Dependencies all met for <TaskInstance: dag_digitalskola_finalproject.fetch_covid_data manual__2023-07-21T23:55:54.718845+00:00 [queued]>
[2023-07-21 23:56:05,504] {taskinstance.py:1159} INFO - Dependencies all met for <TaskInstance: dag_digitalskola_finalproject.fetch_covid_data manual__2023-07-21T23:55:54.718845+00:00 [queued]>
[2023-07-21 23:56:05,506] {taskinstance.py:1356} INFO - 
--------------------------------------------------------------------------------
[2023-07-21 23:56:05,508] {taskinstance.py:1357} INFO - Starting attempt 1 of 1
[2023-07-21 23:56:05,519] {taskinstance.py:1358} INFO - 
--------------------------------------------------------------------------------
[2023-07-21 23:56:05,579] {taskinstance.py:1377} INFO - Executing <Task(PythonOperator): fetch_covid_data> on 2023-07-21 23:55:54.718845+00:00
[2023-07-21 23:56:05,608] {standard_task_runner.py:52} INFO - Started process 5694 to run task
[2023-07-21 23:56:05,617] {standard_task_runner.py:79} INFO - Running: ['***', 'tasks', 'run', 'dag_digitalskola_finalproject', 'fetch_covid_data', 'manual__2023-07-21T23:55:54.718845+00:00', '--job-id', '110', '--raw', '--subdir', 'DAGS_FOLDER/dag_digitalskola_finalproject.py', '--cfg-path', '/tmp/tmpqd1cqxg5', '--error-file', '/tmp/tmpwlhlr1cp']
[2023-07-21 23:56:05,621] {standard_task_runner.py:80} INFO - Job 110: Subtask fetch_covid_data
[2023-07-21 23:56:05,839] {task_command.py:369} INFO - Running <TaskInstance: dag_digitalskola_finalproject.fetch_covid_data manual__2023-07-21T23:55:54.718845+00:00 [running]> on host 34be34978432
[2023-07-21 23:56:06,206] {taskinstance.py:1571} INFO - Exporting the following env vars:
AIRFLOW_CTX_DAG_OWNER=***
AIRFLOW_CTX_DAG_ID=dag_digitalskola_finalproject
AIRFLOW_CTX_TASK_ID=fetch_covid_data
AIRFLOW_CTX_EXECUTION_DATE=2023-07-21T23:55:54.718845+00:00
AIRFLOW_CTX_TRY_NUMBER=1
AIRFLOW_CTX_DAG_RUN_ID=manual__2023-07-21T23:55:54.718845+00:00
[2023-07-21 23:56:06,323] {covid_scraper.py:13} INFO - GET DATA FROM API COMPLETED
[2023-07-21 23:56:06,338] {covid_scraper.py:15} INFO - CONVERT DATA FROM API TO DATAFRAME COMPLETED
[2023-07-21 23:56:06,958] {dag_digitalskola_finalproject.py:44} INFO - DATA INSERTED SUCCESS TO MYSQL
[2023-07-21 23:56:06,962] {python.py:173} INFO - Done. Returned value was: None
[2023-07-21 23:56:07,012] {taskinstance.py:1400} INFO - Marking task as SUCCESS. dag_id=dag_digitalskola_finalproject, task_id=fetch_covid_data, execution_date=20230721T235554, start_date=20230721T235605, end_date=20230721T235607
[2023-07-21 23:56:07,248] {local_task_job.py:156} INFO - Task exited with return code 0
[2023-07-21 23:56:07,420] {local_task_job.py:273} INFO - 0 downstream tasks scheduled from follow-on schedule check
