[2023-07-21 16:41:19,934] {taskinstance.py:1159} INFO - Dependencies all met for <TaskInstance: dag_digitalskola_finalproject.fetch_covid_data manual__2023-07-21T16:41:14.855844+00:00 [queued]>
[2023-07-21 16:41:20,057] {taskinstance.py:1159} INFO - Dependencies all met for <TaskInstance: dag_digitalskola_finalproject.fetch_covid_data manual__2023-07-21T16:41:14.855844+00:00 [queued]>
[2023-07-21 16:41:20,065] {taskinstance.py:1356} INFO - 
--------------------------------------------------------------------------------
[2023-07-21 16:41:20,070] {taskinstance.py:1357} INFO - Starting attempt 1 of 1
[2023-07-21 16:41:20,073] {taskinstance.py:1358} INFO - 
--------------------------------------------------------------------------------
[2023-07-21 16:41:20,382] {taskinstance.py:1377} INFO - Executing <Task(PythonOperator): fetch_covid_data> on 2023-07-21 16:41:14.855844+00:00
[2023-07-21 16:41:20,432] {standard_task_runner.py:52} INFO - Started process 816 to run task
[2023-07-21 16:41:20,441] {standard_task_runner.py:79} INFO - Running: ['***', 'tasks', 'run', 'dag_digitalskola_finalproject', 'fetch_covid_data', 'manual__2023-07-21T16:41:14.855844+00:00', '--job-id', '2', '--raw', '--subdir', 'DAGS_FOLDER/dag_digitalskola_finalproject.py', '--cfg-path', '/tmp/tmp_s12o3_t', '--error-file', '/tmp/tmpr0ycz9ap']
[2023-07-21 16:41:20,447] {standard_task_runner.py:80} INFO - Job 2: Subtask fetch_covid_data
[2023-07-21 16:41:20,707] {task_command.py:369} INFO - Running <TaskInstance: dag_digitalskola_finalproject.fetch_covid_data manual__2023-07-21T16:41:14.855844+00:00 [running]> on host 34be34978432
[2023-07-21 16:41:21,357] {taskinstance.py:1571} INFO - Exporting the following env vars:
AIRFLOW_CTX_DAG_OWNER=***
AIRFLOW_CTX_DAG_ID=dag_digitalskola_finalproject
AIRFLOW_CTX_TASK_ID=fetch_covid_data
AIRFLOW_CTX_EXECUTION_DATE=2023-07-21T16:41:14.855844+00:00
AIRFLOW_CTX_TRY_NUMBER=1
AIRFLOW_CTX_DAG_RUN_ID=manual__2023-07-21T16:41:14.855844+00:00
[2023-07-21 16:41:21,569] {logging_mixin.py:115} INFO - http://103.150.197.96:5005/api/v1/rekapitulasi_v2/jabar/harian?level=kab
[2023-07-21 16:41:21,572] {logging_mixin.py:115} INFO - MYSQL
[2023-07-21 16:41:21,600] {logging_mixin.py:115} INFO - POSTGRES
[2023-07-21 16:41:21,604] {python.py:173} INFO - Done. Returned value was: None
[2023-07-21 16:41:21,668] {taskinstance.py:1400} INFO - Marking task as SUCCESS. dag_id=dag_digitalskola_finalproject, task_id=fetch_covid_data, execution_date=20230721T164114, start_date=20230721T164119, end_date=20230721T164121
[2023-07-21 16:41:21,868] {local_task_job.py:156} INFO - Task exited with return code 0
[2023-07-21 16:41:22,024] {local_task_job.py:273} INFO - 0 downstream tasks scheduled from follow-on schedule check
