[2023-07-21 18:52:57,849] {taskinstance.py:1159} INFO - Dependencies all met for <TaskInstance: dag_digitalskola_finalproject.fetch_covid_data manual__2023-07-21T18:52:43.003638+00:00 [queued]>
[2023-07-21 18:52:57,923] {taskinstance.py:1159} INFO - Dependencies all met for <TaskInstance: dag_digitalskola_finalproject.fetch_covid_data manual__2023-07-21T18:52:43.003638+00:00 [queued]>
[2023-07-21 18:52:57,930] {taskinstance.py:1356} INFO - 
--------------------------------------------------------------------------------
[2023-07-21 18:52:57,939] {taskinstance.py:1357} INFO - Starting attempt 1 of 1
[2023-07-21 18:52:57,941] {taskinstance.py:1358} INFO - 
--------------------------------------------------------------------------------
[2023-07-21 18:52:58,066] {taskinstance.py:1377} INFO - Executing <Task(PythonOperator): fetch_covid_data> on 2023-07-21 18:52:43.003638+00:00
[2023-07-21 18:52:58,113] {standard_task_runner.py:52} INFO - Started process 2353 to run task
[2023-07-21 18:52:58,145] {standard_task_runner.py:79} INFO - Running: ['***', 'tasks', 'run', 'dag_digitalskola_finalproject', 'fetch_covid_data', 'manual__2023-07-21T18:52:43.003638+00:00', '--job-id', '29', '--raw', '--subdir', 'DAGS_FOLDER/dag_digitalskola_finalproject.py', '--cfg-path', '/tmp/tmpihiunedk', '--error-file', '/tmp/tmpuopaixci']
[2023-07-21 18:52:58,205] {standard_task_runner.py:80} INFO - Job 29: Subtask fetch_covid_data
[2023-07-21 18:52:59,494] {task_command.py:369} INFO - Running <TaskInstance: dag_digitalskola_finalproject.fetch_covid_data manual__2023-07-21T18:52:43.003638+00:00 [running]> on host 34be34978432
[2023-07-21 18:53:02,972] {taskinstance.py:1571} INFO - Exporting the following env vars:
AIRFLOW_CTX_DAG_OWNER=***
AIRFLOW_CTX_DAG_ID=dag_digitalskola_finalproject
AIRFLOW_CTX_TASK_ID=fetch_covid_data
AIRFLOW_CTX_EXECUTION_DATE=2023-07-21T18:52:43.003638+00:00
AIRFLOW_CTX_TRY_NUMBER=1
AIRFLOW_CTX_DAG_RUN_ID=manual__2023-07-21T18:52:43.003638+00:00
[2023-07-21 18:53:03,278] {covid_scraper.py:13} INFO - GET DATA FROM API COMPLETED
[2023-07-21 18:53:03,342] {covid_scraper.py:15} INFO - CONVERT DATA FROM API TO DATAFRAME COMPLETED
[2023-07-21 18:53:07,953] {dag_digitalskola_finalproject.py:42} INFO - DATA INSERTED SUCCESS TO MYSQL
[2023-07-21 18:53:07,956] {python.py:173} INFO - Done. Returned value was: None
[2023-07-21 18:53:08,545] {taskinstance.py:1400} INFO - Marking task as SUCCESS. dag_id=dag_digitalskola_finalproject, task_id=fetch_covid_data, execution_date=20230721T185243, start_date=20230721T185257, end_date=20230721T185308
[2023-07-21 18:53:08,842] {local_task_job.py:156} INFO - Task exited with return code 0
[2023-07-21 18:53:09,146] {local_task_job.py:273} INFO - 0 downstream tasks scheduled from follow-on schedule check
