[2023-07-21 16:52:11,620] {taskinstance.py:1159} INFO - Dependencies all met for <TaskInstance: dag_digitalskola_finalproject.fetch_covid_data manual__2023-07-21T16:52:08.407904+00:00 [queued]>
[2023-07-21 16:52:11,701] {taskinstance.py:1159} INFO - Dependencies all met for <TaskInstance: dag_digitalskola_finalproject.fetch_covid_data manual__2023-07-21T16:52:08.407904+00:00 [queued]>
[2023-07-21 16:52:11,705] {taskinstance.py:1356} INFO - 
--------------------------------------------------------------------------------
[2023-07-21 16:52:11,717] {taskinstance.py:1357} INFO - Starting attempt 1 of 1
[2023-07-21 16:52:11,722] {taskinstance.py:1358} INFO - 
--------------------------------------------------------------------------------
[2023-07-21 16:52:11,822] {taskinstance.py:1377} INFO - Executing <Task(PythonOperator): fetch_covid_data> on 2023-07-21 16:52:08.407904+00:00
[2023-07-21 16:52:11,845] {standard_task_runner.py:52} INFO - Started process 928 to run task
[2023-07-21 16:52:11,854] {standard_task_runner.py:79} INFO - Running: ['***', 'tasks', 'run', 'dag_digitalskola_finalproject', 'fetch_covid_data', 'manual__2023-07-21T16:52:08.407904+00:00', '--job-id', '3', '--raw', '--subdir', 'DAGS_FOLDER/dag_digitalskola_finalproject.py', '--cfg-path', '/tmp/tmp3bv_kruj', '--error-file', '/tmp/tmp68f5vr7i']
[2023-07-21 16:52:11,885] {standard_task_runner.py:80} INFO - Job 3: Subtask fetch_covid_data
[2023-07-21 16:52:12,173] {task_command.py:369} INFO - Running <TaskInstance: dag_digitalskola_finalproject.fetch_covid_data manual__2023-07-21T16:52:08.407904+00:00 [running]> on host 34be34978432
[2023-07-21 16:52:12,542] {taskinstance.py:1571} INFO - Exporting the following env vars:
AIRFLOW_CTX_DAG_OWNER=***
AIRFLOW_CTX_DAG_ID=dag_digitalskola_finalproject
AIRFLOW_CTX_TASK_ID=fetch_covid_data
AIRFLOW_CTX_EXECUTION_DATE=2023-07-21T16:52:08.407904+00:00
AIRFLOW_CTX_TRY_NUMBER=1
AIRFLOW_CTX_DAG_RUN_ID=manual__2023-07-21T16:52:08.407904+00:00
[2023-07-21 16:52:12,751] {logging_mixin.py:115} INFO - http://103.150.197.96:5005/api/v1/rekapitulasi_v2/jabar/harian?level=kab
[2023-07-21 16:52:12,764] {python.py:173} INFO - Done. Returned value was: None
[2023-07-21 16:52:12,837] {taskinstance.py:1400} INFO - Marking task as SUCCESS. dag_id=dag_digitalskola_finalproject, task_id=fetch_covid_data, execution_date=20230721T165208, start_date=20230721T165211, end_date=20230721T165212
[2023-07-21 16:52:12,959] {local_task_job.py:156} INFO - Task exited with return code 0
[2023-07-21 16:52:13,213] {local_task_job.py:273} INFO - 1 downstream tasks scheduled from follow-on schedule check
