[2023-07-21 18:32:30,156] {taskinstance.py:1159} INFO - Dependencies all met for <TaskInstance: dag_digitalskola_finalproject.insert_data_to_dim_province manual__2023-07-21T18:32:15.750651+00:00 [queued]>
[2023-07-21 18:32:30,446] {taskinstance.py:1159} INFO - Dependencies all met for <TaskInstance: dag_digitalskola_finalproject.insert_data_to_dim_province manual__2023-07-21T18:32:15.750651+00:00 [queued]>
[2023-07-21 18:32:30,481] {taskinstance.py:1356} INFO - 
--------------------------------------------------------------------------------
[2023-07-21 18:32:30,489] {taskinstance.py:1357} INFO - Starting attempt 1 of 1
[2023-07-21 18:32:30,503] {taskinstance.py:1358} INFO - 
--------------------------------------------------------------------------------
[2023-07-21 18:32:30,606] {taskinstance.py:1377} INFO - Executing <Task(PythonOperator): insert_data_to_dim_province> on 2023-07-21 18:32:15.750651+00:00
[2023-07-21 18:32:30,640] {standard_task_runner.py:52} INFO - Started process 2099 to run task
[2023-07-21 18:32:30,664] {standard_task_runner.py:79} INFO - Running: ['***', 'tasks', 'run', 'dag_digitalskola_finalproject', 'insert_data_to_dim_province', 'manual__2023-07-21T18:32:15.750651+00:00', '--job-id', '21', '--raw', '--subdir', 'DAGS_FOLDER/dag_digitalskola_finalproject.py', '--cfg-path', '/tmp/tmphli9n8h8', '--error-file', '/tmp/tmpieyhl6of']
[2023-07-21 18:32:30,714] {standard_task_runner.py:80} INFO - Job 21: Subtask insert_data_to_dim_province
[2023-07-21 18:32:31,004] {task_command.py:369} INFO - Running <TaskInstance: dag_digitalskola_finalproject.insert_data_to_dim_province manual__2023-07-21T18:32:15.750651+00:00 [running]> on host 34be34978432
[2023-07-21 18:32:31,491] {taskinstance.py:1571} INFO - Exporting the following env vars:
AIRFLOW_CTX_DAG_OWNER=***
AIRFLOW_CTX_DAG_ID=dag_digitalskola_finalproject
AIRFLOW_CTX_TASK_ID=insert_data_to_dim_province
AIRFLOW_CTX_EXECUTION_DATE=2023-07-21T18:32:15.750651+00:00
AIRFLOW_CTX_TRY_NUMBER=1
AIRFLOW_CTX_DAG_RUN_ID=manual__2023-07-21T18:32:15.750651+00:00
[2023-07-21 18:32:32,071] {transformer.py:14} INFO - GET DATA FROM covid_jabar SUCCESS
[2023-07-21 18:32:32,159] {logging_mixin.py:115} INFO -     kode_prov   nama_prov
0          32  Jawa Barat
1          32  Jawa Barat
2          32  Jawa Barat
3          32  Jawa Barat
4          32  Jawa Barat
..        ...         ...
140        32  Jawa Barat
141        32  Jawa Barat
142        32  Jawa Barat
143        32  Jawa Barat
144        32  Jawa Barat

[145 rows x 2 columns]
[2023-07-21 18:32:32,656] {transformer.py:28} INFO - DATA INSERTED SUCCESS TO dim_province
[2023-07-21 18:32:32,663] {python.py:173} INFO - Done. Returned value was: None
[2023-07-21 18:32:32,725] {taskinstance.py:1400} INFO - Marking task as SUCCESS. dag_id=dag_digitalskola_finalproject, task_id=insert_data_to_dim_province, execution_date=20230721T183215, start_date=20230721T183230, end_date=20230721T183232
[2023-07-21 18:32:32,931] {local_task_job.py:156} INFO - Task exited with return code 0
[2023-07-21 18:32:33,469] {local_task_job.py:273} INFO - 0 downstream tasks scheduled from follow-on schedule check
