[2023-07-21 20:22:32,717] {taskinstance.py:1159} INFO - Dependencies all met for <TaskInstance: dag_digitalskola_finalproject.insert_data_to_dim_province manual__2023-07-21T20:22:20.576130+00:00 [queued]>
[2023-07-21 20:22:32,796] {taskinstance.py:1159} INFO - Dependencies all met for <TaskInstance: dag_digitalskola_finalproject.insert_data_to_dim_province manual__2023-07-21T20:22:20.576130+00:00 [queued]>
[2023-07-21 20:22:32,798] {taskinstance.py:1356} INFO - 
--------------------------------------------------------------------------------
[2023-07-21 20:22:32,803] {taskinstance.py:1357} INFO - Starting attempt 1 of 1
[2023-07-21 20:22:32,816] {taskinstance.py:1358} INFO - 
--------------------------------------------------------------------------------
[2023-07-21 20:22:32,898] {taskinstance.py:1377} INFO - Executing <Task(PythonOperator): insert_data_to_dim_province> on 2023-07-21 20:22:20.576130+00:00
[2023-07-21 20:22:32,948] {standard_task_runner.py:52} INFO - Started process 3500 to run task
[2023-07-21 20:22:32,977] {standard_task_runner.py:79} INFO - Running: ['***', 'tasks', 'run', 'dag_digitalskola_finalproject', 'insert_data_to_dim_province', 'manual__2023-07-21T20:22:20.576130+00:00', '--job-id', '62', '--raw', '--subdir', 'DAGS_FOLDER/dag_digitalskola_finalproject.py', '--cfg-path', '/tmp/tmp52acjwp_', '--error-file', '/tmp/tmp0qfs2l6u']
[2023-07-21 20:22:32,981] {standard_task_runner.py:80} INFO - Job 62: Subtask insert_data_to_dim_province
[2023-07-21 20:22:33,261] {task_command.py:369} INFO - Running <TaskInstance: dag_digitalskola_finalproject.insert_data_to_dim_province manual__2023-07-21T20:22:20.576130+00:00 [running]> on host 34be34978432
[2023-07-21 20:22:33,530] {taskinstance.py:1571} INFO - Exporting the following env vars:
AIRFLOW_CTX_DAG_OWNER=***
AIRFLOW_CTX_DAG_ID=dag_digitalskola_finalproject
AIRFLOW_CTX_TASK_ID=insert_data_to_dim_province
AIRFLOW_CTX_EXECUTION_DATE=2023-07-21T20:22:20.576130+00:00
AIRFLOW_CTX_TRY_NUMBER=1
AIRFLOW_CTX_DAG_RUN_ID=manual__2023-07-21T20:22:20.576130+00:00
[2023-07-21 20:22:34,050] {transformer.py:18} INFO - GET DATA FROM TABLE covid_jabar SUCCESS
[2023-07-21 20:22:34,150] {logging_mixin.py:115} INFO -     kode_prov   nama_prov
0          32  Jawa Barat
1          32  Jawa Barat
2          32  Jawa Barat
3          32  Jawa Barat
4          32  Jawa Barat
..        ...         ...
140        32  Jawa Barat
141        32  Jawa Barat
142        32  Jawa Barat
143        32  Jawa Barat
144        32  Jawa Barat

[145 rows x 2 columns]
[2023-07-21 20:22:34,207] {logging_mixin.py:115} INFO -   province_id province_name
0          32    Jawa Barat
[2023-07-21 20:22:34,418] {transformer.py:35} INFO - DATA INSERTED SUCCESS TO TABLE dim_province
[2023-07-21 20:22:34,428] {python.py:173} INFO - Done. Returned value was: None
[2023-07-21 20:22:34,467] {taskinstance.py:1400} INFO - Marking task as SUCCESS. dag_id=dag_digitalskola_finalproject, task_id=insert_data_to_dim_province, execution_date=20230721T202220, start_date=20230721T202232, end_date=20230721T202234
[2023-07-21 20:22:34,720] {local_task_job.py:156} INFO - Task exited with return code 0
[2023-07-21 20:22:35,226] {local_task_job.py:273} INFO - 1 downstream tasks scheduled from follow-on schedule check
