[2023-07-21 21:13:22,445] {taskinstance.py:1159} INFO - Dependencies all met for <TaskInstance: dag_digitalskola_finalproject.insert_data_to_province_daily manual__2023-07-21T21:13:18.330875+00:00 [queued]>
[2023-07-21 21:13:22,599] {taskinstance.py:1159} INFO - Dependencies all met for <TaskInstance: dag_digitalskola_finalproject.insert_data_to_province_daily manual__2023-07-21T21:13:18.330875+00:00 [queued]>
[2023-07-21 21:13:22,605] {taskinstance.py:1356} INFO - 
--------------------------------------------------------------------------------
[2023-07-21 21:13:22,613] {taskinstance.py:1357} INFO - Starting attempt 1 of 1
[2023-07-21 21:13:22,628] {taskinstance.py:1358} INFO - 
--------------------------------------------------------------------------------
[2023-07-21 21:13:22,702] {taskinstance.py:1377} INFO - Executing <Task(PythonOperator): insert_data_to_province_daily> on 2023-07-21 21:13:18.330875+00:00
[2023-07-21 21:13:22,763] {standard_task_runner.py:79} INFO - Running: ['***', 'tasks', 'run', 'dag_digitalskola_finalproject', 'insert_data_to_province_daily', 'manual__2023-07-21T21:13:18.330875+00:00', '--job-id', '79', '--raw', '--subdir', 'DAGS_FOLDER/dag_digitalskola_finalproject.py', '--cfg-path', '/tmp/tmp2ugl_l2g', '--error-file', '/tmp/tmpx4in420k']
[2023-07-21 21:13:22,801] {standard_task_runner.py:80} INFO - Job 79: Subtask insert_data_to_province_daily
[2023-07-21 21:13:22,752] {standard_task_runner.py:52} INFO - Started process 4133 to run task
[2023-07-21 21:13:23,228] {task_command.py:369} INFO - Running <TaskInstance: dag_digitalskola_finalproject.insert_data_to_province_daily manual__2023-07-21T21:13:18.330875+00:00 [running]> on host 34be34978432
[2023-07-21 21:13:23,643] {taskinstance.py:1571} INFO - Exporting the following env vars:
AIRFLOW_CTX_DAG_OWNER=***
AIRFLOW_CTX_DAG_ID=dag_digitalskola_finalproject
AIRFLOW_CTX_TASK_ID=insert_data_to_province_daily
AIRFLOW_CTX_EXECUTION_DATE=2023-07-21T21:13:18.330875+00:00
AIRFLOW_CTX_TRY_NUMBER=1
AIRFLOW_CTX_DAG_RUN_ID=manual__2023-07-21T21:13:18.330875+00:00
[2023-07-21 21:13:24,351] {transformer.py:18} INFO - GET DATA FROM TABLE covid_jabar SUCCESS
[2023-07-21 21:13:24,361] {logging_mixin.py:115} INFO - <pandas.core.groupby.generic.DataFrameGroupBy object at 0x7f7dec3b8d90>
[2023-07-21 21:13:24,364] {python.py:173} INFO - Done. Returned value was: None
[2023-07-21 21:13:24,470] {taskinstance.py:1400} INFO - Marking task as SUCCESS. dag_id=dag_digitalskola_finalproject, task_id=insert_data_to_province_daily, execution_date=20230721T211318, start_date=20230721T211322, end_date=20230721T211324
[2023-07-21 21:13:24,695] {local_task_job.py:156} INFO - Task exited with return code 0
[2023-07-21 21:13:25,030] {local_task_job.py:273} INFO - 0 downstream tasks scheduled from follow-on schedule check
