[2023-07-21 19:09:35,590] {taskinstance.py:1159} INFO - Dependencies all met for <TaskInstance: dag_digitalskola_finalproject.fetch_covid_data manual__2023-07-21T19:09:26.647626+00:00 [queued]>
[2023-07-21 19:09:36,166] {taskinstance.py:1159} INFO - Dependencies all met for <TaskInstance: dag_digitalskola_finalproject.fetch_covid_data manual__2023-07-21T19:09:26.647626+00:00 [queued]>
[2023-07-21 19:09:36,216] {taskinstance.py:1356} INFO - 
--------------------------------------------------------------------------------
[2023-07-21 19:09:36,249] {taskinstance.py:1357} INFO - Starting attempt 1 of 1
[2023-07-21 19:09:36,271] {taskinstance.py:1358} INFO - 
--------------------------------------------------------------------------------
[2023-07-21 19:09:36,814] {taskinstance.py:1377} INFO - Executing <Task(PythonOperator): fetch_covid_data> on 2023-07-21 19:09:26.647626+00:00
[2023-07-21 19:09:36,896] {standard_task_runner.py:52} INFO - Started process 2595 to run task
[2023-07-21 19:09:36,954] {standard_task_runner.py:79} INFO - Running: ['***', 'tasks', 'run', 'dag_digitalskola_finalproject', 'fetch_covid_data', 'manual__2023-07-21T19:09:26.647626+00:00', '--job-id', '41', '--raw', '--subdir', 'DAGS_FOLDER/dag_digitalskola_finalproject.py', '--cfg-path', '/tmp/tmpwm3uxvqh', '--error-file', '/tmp/tmpybp8p53a']
[2023-07-21 19:09:36,970] {standard_task_runner.py:80} INFO - Job 41: Subtask fetch_covid_data
[2023-07-21 19:09:37,654] {task_command.py:369} INFO - Running <TaskInstance: dag_digitalskola_finalproject.fetch_covid_data manual__2023-07-21T19:09:26.647626+00:00 [running]> on host 34be34978432
[2023-07-21 19:09:38,820] {taskinstance.py:1571} INFO - Exporting the following env vars:
AIRFLOW_CTX_DAG_OWNER=***
AIRFLOW_CTX_DAG_ID=dag_digitalskola_finalproject
AIRFLOW_CTX_TASK_ID=fetch_covid_data
AIRFLOW_CTX_EXECUTION_DATE=2023-07-21T19:09:26.647626+00:00
AIRFLOW_CTX_TRY_NUMBER=1
AIRFLOW_CTX_DAG_RUN_ID=manual__2023-07-21T19:09:26.647626+00:00
[2023-07-21 19:09:39,207] {covid_scraper.py:13} INFO - GET DATA FROM API COMPLETED
[2023-07-21 19:09:39,255] {covid_scraper.py:15} INFO - CONVERT DATA FROM API TO DATAFRAME COMPLETED
[2023-07-21 19:09:44,355] {dag_digitalskola_finalproject.py:42} INFO - DATA INSERTED SUCCESS TO MYSQL
[2023-07-21 19:09:44,395] {python.py:173} INFO - Done. Returned value was: None
[2023-07-21 19:09:44,844] {taskinstance.py:1400} INFO - Marking task as SUCCESS. dag_id=dag_digitalskola_finalproject, task_id=fetch_covid_data, execution_date=20230721T190926, start_date=20230721T190935, end_date=20230721T190944
[2023-07-21 19:09:45,271] {local_task_job.py:156} INFO - Task exited with return code 0
[2023-07-21 19:09:45,905] {local_task_job.py:273} INFO - 1 downstream tasks scheduled from follow-on schedule check
