[2023-07-21 21:07:28,311] {taskinstance.py:1159} INFO - Dependencies all met for <TaskInstance: dag_digitalskola_finalproject.insert_data_to_dim_case manual__2023-07-21T21:06:54.938826+00:00 [queued]>
[2023-07-21 21:07:28,330] {taskinstance.py:1159} INFO - Dependencies all met for <TaskInstance: dag_digitalskola_finalproject.insert_data_to_dim_case manual__2023-07-21T21:06:54.938826+00:00 [queued]>
[2023-07-21 21:07:28,332] {taskinstance.py:1356} INFO - 
--------------------------------------------------------------------------------
[2023-07-21 21:07:28,335] {taskinstance.py:1357} INFO - Starting attempt 1 of 1
[2023-07-21 21:07:28,344] {taskinstance.py:1358} INFO - 
--------------------------------------------------------------------------------
[2023-07-21 21:07:28,400] {taskinstance.py:1377} INFO - Executing <Task(PythonOperator): insert_data_to_dim_case> on 2023-07-21 21:06:54.938826+00:00
[2023-07-21 21:07:28,425] {standard_task_runner.py:52} INFO - Started process 4046 to run task
[2023-07-21 21:07:28,442] {standard_task_runner.py:79} INFO - Running: ['***', 'tasks', 'run', 'dag_digitalskola_finalproject', 'insert_data_to_dim_case', 'manual__2023-07-21T21:06:54.938826+00:00', '--job-id', '72', '--raw', '--subdir', 'DAGS_FOLDER/dag_digitalskola_finalproject.py', '--cfg-path', '/tmp/tmpt_g5esrm', '--error-file', '/tmp/tmp_ijte3mn']
[2023-07-21 21:07:28,455] {standard_task_runner.py:80} INFO - Job 72: Subtask insert_data_to_dim_case
[2023-07-21 21:07:29,002] {task_command.py:369} INFO - Running <TaskInstance: dag_digitalskola_finalproject.insert_data_to_dim_case manual__2023-07-21T21:06:54.938826+00:00 [running]> on host 34be34978432
[2023-07-21 21:07:29,402] {taskinstance.py:1571} INFO - Exporting the following env vars:
AIRFLOW_CTX_DAG_OWNER=***
AIRFLOW_CTX_DAG_ID=dag_digitalskola_finalproject
AIRFLOW_CTX_TASK_ID=insert_data_to_dim_case
AIRFLOW_CTX_EXECUTION_DATE=2023-07-21T21:06:54.938826+00:00
AIRFLOW_CTX_TRY_NUMBER=1
AIRFLOW_CTX_DAG_RUN_ID=manual__2023-07-21T21:06:54.938826+00:00
[2023-07-21 21:07:30,932] {transformer.py:90} INFO - DATA INSERTED SUCCESS TO TABLE dim_case
[2023-07-21 21:07:30,960] {python.py:173} INFO - Done. Returned value was: None
[2023-07-21 21:07:31,168] {taskinstance.py:1400} INFO - Marking task as SUCCESS. dag_id=dag_digitalskola_finalproject, task_id=insert_data_to_dim_case, execution_date=20230721T210654, start_date=20230721T210728, end_date=20230721T210731
[2023-07-21 21:07:31,442] {local_task_job.py:156} INFO - Task exited with return code 0
[2023-07-21 21:07:31,696] {local_task_job.py:273} INFO - 1 downstream tasks scheduled from follow-on schedule check
