[2023-07-21 23:53:59,107] {taskinstance.py:1159} INFO - Dependencies all met for <TaskInstance: dag_digitalskola_finalproject.insert_data_to_province_daily manual__2023-07-21T23:50:39.250576+00:00 [queued]>
[2023-07-21 23:53:59,280] {taskinstance.py:1159} INFO - Dependencies all met for <TaskInstance: dag_digitalskola_finalproject.insert_data_to_province_daily manual__2023-07-21T23:50:39.250576+00:00 [queued]>
[2023-07-21 23:53:59,285] {taskinstance.py:1356} INFO - 
--------------------------------------------------------------------------------
[2023-07-21 23:53:59,299] {taskinstance.py:1357} INFO - Starting attempt 1 of 1
[2023-07-21 23:53:59,314] {taskinstance.py:1358} INFO - 
--------------------------------------------------------------------------------
[2023-07-21 23:53:59,365] {taskinstance.py:1377} INFO - Executing <Task(PythonOperator): insert_data_to_province_daily> on 2023-07-21 23:50:39.250576+00:00
[2023-07-21 23:53:59,382] {standard_task_runner.py:79} INFO - Running: ['***', 'tasks', 'run', 'dag_digitalskola_finalproject', 'insert_data_to_province_daily', 'manual__2023-07-21T23:50:39.250576+00:00', '--job-id', '108', '--raw', '--subdir', 'DAGS_FOLDER/dag_digitalskola_finalproject.py', '--cfg-path', '/tmp/tmpp6eftbes', '--error-file', '/tmp/tmp53cp90lm']
[2023-07-21 23:53:59,377] {standard_task_runner.py:52} INFO - Started process 5664 to run task
[2023-07-21 23:53:59,389] {standard_task_runner.py:80} INFO - Job 108: Subtask insert_data_to_province_daily
[2023-07-21 23:53:59,546] {task_command.py:369} INFO - Running <TaskInstance: dag_digitalskola_finalproject.insert_data_to_province_daily manual__2023-07-21T23:50:39.250576+00:00 [running]> on host 34be34978432
[2023-07-21 23:53:59,701] {taskinstance.py:1571} INFO - Exporting the following env vars:
AIRFLOW_CTX_DAG_OWNER=***
AIRFLOW_CTX_DAG_ID=dag_digitalskola_finalproject
AIRFLOW_CTX_TASK_ID=insert_data_to_province_daily
AIRFLOW_CTX_EXECUTION_DATE=2023-07-21T23:50:39.250576+00:00
AIRFLOW_CTX_TRY_NUMBER=1
AIRFLOW_CTX_DAG_RUN_ID=manual__2023-07-21T23:50:39.250576+00:00
[2023-07-21 23:53:59,850] {transformer.py:22} INFO - GET DATA FROM TABLE covid_jabar SUCCESS
[2023-07-21 23:53:59,932] {transformer.py:28} INFO - GET DATA FROM TABLE dim_case SUCCESS
[2023-07-21 23:54:00,065] {transformer.py:143} INFO - DATA INSERTED SUCCESS TO TABLE province_daily
[2023-07-21 23:54:00,069] {python.py:173} INFO - Done. Returned value was: None
[2023-07-21 23:54:00,095] {taskinstance.py:1400} INFO - Marking task as SUCCESS. dag_id=dag_digitalskola_finalproject, task_id=insert_data_to_province_daily, execution_date=20230721T235039, start_date=20230721T235359, end_date=20230721T235400
[2023-07-21 23:54:00,161] {local_task_job.py:156} INFO - Task exited with return code 0
[2023-07-21 23:54:00,234] {local_task_job.py:273} INFO - 1 downstream tasks scheduled from follow-on schedule check
