[2023-07-21 23:56:44,913] {taskinstance.py:1159} INFO - Dependencies all met for <TaskInstance: dag_digitalskola_finalproject.insert_data_to_district_daily manual__2023-07-21T23:55:54.718845+00:00 [queued]>
[2023-07-21 23:56:44,951] {taskinstance.py:1159} INFO - Dependencies all met for <TaskInstance: dag_digitalskola_finalproject.insert_data_to_district_daily manual__2023-07-21T23:55:54.718845+00:00 [queued]>
[2023-07-21 23:56:44,958] {taskinstance.py:1356} INFO - 
--------------------------------------------------------------------------------
[2023-07-21 23:56:44,963] {taskinstance.py:1357} INFO - Starting attempt 1 of 1
[2023-07-21 23:56:44,965] {taskinstance.py:1358} INFO - 
--------------------------------------------------------------------------------
[2023-07-21 23:56:45,018] {taskinstance.py:1377} INFO - Executing <Task(PythonOperator): insert_data_to_district_daily> on 2023-07-21 23:55:54.718845+00:00
[2023-07-21 23:56:45,045] {standard_task_runner.py:52} INFO - Started process 5715 to run task
[2023-07-21 23:56:45,059] {standard_task_runner.py:79} INFO - Running: ['***', 'tasks', 'run', 'dag_digitalskola_finalproject', 'insert_data_to_district_daily', 'manual__2023-07-21T23:55:54.718845+00:00', '--job-id', '115', '--raw', '--subdir', 'DAGS_FOLDER/dag_digitalskola_finalproject.py', '--cfg-path', '/tmp/tmp9olalnth', '--error-file', '/tmp/tmp0xmwghhw']
[2023-07-21 23:56:45,063] {standard_task_runner.py:80} INFO - Job 115: Subtask insert_data_to_district_daily
[2023-07-21 23:56:46,492] {task_command.py:369} INFO - Running <TaskInstance: dag_digitalskola_finalproject.insert_data_to_district_daily manual__2023-07-21T23:55:54.718845+00:00 [running]> on host 34be34978432
[2023-07-21 23:56:49,691] {taskinstance.py:1571} INFO - Exporting the following env vars:
AIRFLOW_CTX_DAG_OWNER=***
AIRFLOW_CTX_DAG_ID=dag_digitalskola_finalproject
AIRFLOW_CTX_TASK_ID=insert_data_to_district_daily
AIRFLOW_CTX_EXECUTION_DATE=2023-07-21T23:55:54.718845+00:00
AIRFLOW_CTX_TRY_NUMBER=1
AIRFLOW_CTX_DAG_RUN_ID=manual__2023-07-21T23:55:54.718845+00:00
[2023-07-21 23:56:53,028] {transformer.py:22} INFO - GET DATA FROM TABLE covid_jabar SUCCESS
[2023-07-21 23:56:54,099] {transformer.py:28} INFO - GET DATA FROM TABLE dim_case SUCCESS
[2023-07-21 23:56:56,154] {transformer.py:186} INFO - DATA INSERTED SUCCESS TO TABLE district_daily
[2023-07-21 23:56:56,170] {python.py:173} INFO - Done. Returned value was: None
[2023-07-21 23:56:56,269] {taskinstance.py:1400} INFO - Marking task as SUCCESS. dag_id=dag_digitalskola_finalproject, task_id=insert_data_to_district_daily, execution_date=20230721T235554, start_date=20230721T235644, end_date=20230721T235656
[2023-07-21 23:56:56,420] {local_task_job.py:156} INFO - Task exited with return code 0
[2023-07-21 23:56:56,527] {local_task_job.py:273} INFO - 0 downstream tasks scheduled from follow-on schedule check
