[2023-07-21 18:37:28,577] {taskinstance.py:1159} INFO - Dependencies all met for <TaskInstance: dag_digitalskola_finalproject.fetch_covid_data manual__2023-07-21T18:37:08.553806+00:00 [queued]>
[2023-07-21 18:37:29,288] {taskinstance.py:1159} INFO - Dependencies all met for <TaskInstance: dag_digitalskola_finalproject.fetch_covid_data manual__2023-07-21T18:37:08.553806+00:00 [queued]>
[2023-07-21 18:37:29,330] {taskinstance.py:1356} INFO - 
--------------------------------------------------------------------------------
[2023-07-21 18:37:29,335] {taskinstance.py:1357} INFO - Starting attempt 1 of 1
[2023-07-21 18:37:29,339] {taskinstance.py:1358} INFO - 
--------------------------------------------------------------------------------
[2023-07-21 18:37:30,479] {taskinstance.py:1377} INFO - Executing <Task(PythonOperator): fetch_covid_data> on 2023-07-21 18:37:08.553806+00:00
[2023-07-21 18:37:30,862] {standard_task_runner.py:52} INFO - Started process 2168 to run task
[2023-07-21 18:37:31,278] {standard_task_runner.py:79} INFO - Running: ['***', 'tasks', 'run', 'dag_digitalskola_finalproject', 'fetch_covid_data', 'manual__2023-07-21T18:37:08.553806+00:00', '--job-id', '25', '--raw', '--subdir', 'DAGS_FOLDER/dag_digitalskola_finalproject.py', '--cfg-path', '/tmp/tmpstdxz3k5', '--error-file', '/tmp/tmpiflgrnur']
[2023-07-21 18:37:31,348] {standard_task_runner.py:80} INFO - Job 25: Subtask fetch_covid_data
[2023-07-21 18:37:34,645] {task_command.py:369} INFO - Running <TaskInstance: dag_digitalskola_finalproject.fetch_covid_data manual__2023-07-21T18:37:08.553806+00:00 [running]> on host 34be34978432
[2023-07-21 18:37:39,279] {taskinstance.py:1571} INFO - Exporting the following env vars:
AIRFLOW_CTX_DAG_OWNER=***
AIRFLOW_CTX_DAG_ID=dag_digitalskola_finalproject
AIRFLOW_CTX_TASK_ID=fetch_covid_data
AIRFLOW_CTX_EXECUTION_DATE=2023-07-21T18:37:08.553806+00:00
AIRFLOW_CTX_TRY_NUMBER=1
AIRFLOW_CTX_DAG_RUN_ID=manual__2023-07-21T18:37:08.553806+00:00
[2023-07-21 18:37:39,595] {covid_scraper.py:13} INFO - GET DATA FROM API COMPLETED
[2023-07-21 18:37:39,877] {covid_scraper.py:15} INFO - CONVERT DATA FROM API TO DATAFRAME COMPLETED
[2023-07-21 18:37:47,935] {dag_digitalskola_finalproject.py:42} INFO - DATA INSERTED SUCCESS TO MYSQL
[2023-07-21 18:37:47,947] {python.py:173} INFO - Done. Returned value was: None
[2023-07-21 18:37:48,367] {taskinstance.py:1400} INFO - Marking task as SUCCESS. dag_id=dag_digitalskola_finalproject, task_id=fetch_covid_data, execution_date=20230721T183708, start_date=20230721T183728, end_date=20230721T183748
[2023-07-21 18:37:49,680] {local_task_job.py:156} INFO - Task exited with return code 0
[2023-07-21 18:37:50,176] {local_task_job.py:273} INFO - 0 downstream tasks scheduled from follow-on schedule check
