[2023-07-21 18:37:24,835] {taskinstance.py:1159} INFO - Dependencies all met for <TaskInstance: dag_digitalskola_finalproject.insert_data_to_dim_province manual__2023-07-21T18:37:08.553806+00:00 [queued]>
[2023-07-21 18:37:25,843] {taskinstance.py:1159} INFO - Dependencies all met for <TaskInstance: dag_digitalskola_finalproject.insert_data_to_dim_province manual__2023-07-21T18:37:08.553806+00:00 [queued]>
[2023-07-21 18:37:25,855] {taskinstance.py:1356} INFO - 
--------------------------------------------------------------------------------
[2023-07-21 18:37:26,042] {taskinstance.py:1357} INFO - Starting attempt 1 of 1
[2023-07-21 18:37:26,061] {taskinstance.py:1358} INFO - 
--------------------------------------------------------------------------------
[2023-07-21 18:37:26,907] {taskinstance.py:1377} INFO - Executing <Task(PythonOperator): insert_data_to_dim_province> on 2023-07-21 18:37:08.553806+00:00
[2023-07-21 18:37:27,326] {standard_task_runner.py:52} INFO - Started process 2167 to run task
[2023-07-21 18:37:27,876] {standard_task_runner.py:79} INFO - Running: ['***', 'tasks', 'run', 'dag_digitalskola_finalproject', 'insert_data_to_dim_province', 'manual__2023-07-21T18:37:08.553806+00:00', '--job-id', '24', '--raw', '--subdir', 'DAGS_FOLDER/dag_digitalskola_finalproject.py', '--cfg-path', '/tmp/tmp8g74dysa', '--error-file', '/tmp/tmpxurxgqcp']
[2023-07-21 18:37:28,262] {standard_task_runner.py:80} INFO - Job 24: Subtask insert_data_to_dim_province
[2023-07-21 18:37:32,609] {task_command.py:369} INFO - Running <TaskInstance: dag_digitalskola_finalproject.insert_data_to_dim_province manual__2023-07-21T18:37:08.553806+00:00 [running]> on host 34be34978432
[2023-07-21 18:37:36,613] {taskinstance.py:1571} INFO - Exporting the following env vars:
AIRFLOW_CTX_DAG_OWNER=***
AIRFLOW_CTX_DAG_ID=dag_digitalskola_finalproject
AIRFLOW_CTX_TASK_ID=insert_data_to_dim_province
AIRFLOW_CTX_EXECUTION_DATE=2023-07-21T18:37:08.553806+00:00
AIRFLOW_CTX_TRY_NUMBER=1
AIRFLOW_CTX_DAG_RUN_ID=manual__2023-07-21T18:37:08.553806+00:00
[2023-07-21 18:37:38,628] {transformer.py:14} INFO - GET DATA FROM covid_jabar SUCCESS
[2023-07-21 18:37:39,148] {logging_mixin.py:115} INFO -     kode_prov   nama_prov
0          32  Jawa Barat
1          32  Jawa Barat
2          32  Jawa Barat
3          32  Jawa Barat
4          32  Jawa Barat
..        ...         ...
140        32  Jawa Barat
141        32  Jawa Barat
142        32  Jawa Barat
143        32  Jawa Barat
144        32  Jawa Barat

[145 rows x 2 columns]
[2023-07-21 18:37:39,429] {logging_mixin.py:115} INFO -   province_id province_name
0          32    Jawa Barat
[2023-07-21 18:37:43,233] {transformer.py:28} INFO - DATA INSERTED SUCCESS TO dim_province
[2023-07-21 18:37:43,252] {python.py:173} INFO - Done. Returned value was: None
[2023-07-21 18:37:43,633] {taskinstance.py:1400} INFO - Marking task as SUCCESS. dag_id=dag_digitalskola_finalproject, task_id=insert_data_to_dim_province, execution_date=20230721T183708, start_date=20230721T183724, end_date=20230721T183743
[2023-07-21 18:37:44,479] {local_task_job.py:156} INFO - Task exited with return code 0
[2023-07-21 18:37:46,965] {local_task_job.py:273} INFO - 0 downstream tasks scheduled from follow-on schedule check
