[2023-07-21 23:46:54,445] {taskinstance.py:1159} INFO - Dependencies all met for <TaskInstance: dag_digitalskola_finalproject.insert_data_to_province_daily manual__2023-07-21T23:46:17.846159+00:00 [queued]>
[2023-07-21 23:46:54,491] {taskinstance.py:1159} INFO - Dependencies all met for <TaskInstance: dag_digitalskola_finalproject.insert_data_to_province_daily manual__2023-07-21T23:46:17.846159+00:00 [queued]>
[2023-07-21 23:46:54,493] {taskinstance.py:1356} INFO - 
--------------------------------------------------------------------------------
[2023-07-21 23:46:54,495] {taskinstance.py:1357} INFO - Starting attempt 1 of 1
[2023-07-21 23:46:54,497] {taskinstance.py:1358} INFO - 
--------------------------------------------------------------------------------
[2023-07-21 23:46:54,578] {taskinstance.py:1377} INFO - Executing <Task(PythonOperator): insert_data_to_province_daily> on 2023-07-21 23:46:17.846159+00:00
[2023-07-21 23:46:54,609] {standard_task_runner.py:52} INFO - Started process 5568 to run task
[2023-07-21 23:46:54,663] {standard_task_runner.py:79} INFO - Running: ['***', 'tasks', 'run', 'dag_digitalskola_finalproject', 'insert_data_to_province_daily', 'manual__2023-07-21T23:46:17.846159+00:00', '--job-id', '96', '--raw', '--subdir', 'DAGS_FOLDER/dag_digitalskola_finalproject.py', '--cfg-path', '/tmp/tmpuoe1mev7', '--error-file', '/tmp/tmp_f4urjyl']
[2023-07-21 23:46:54,671] {standard_task_runner.py:80} INFO - Job 96: Subtask insert_data_to_province_daily
[2023-07-21 23:46:55,041] {task_command.py:369} INFO - Running <TaskInstance: dag_digitalskola_finalproject.insert_data_to_province_daily manual__2023-07-21T23:46:17.846159+00:00 [running]> on host 34be34978432
[2023-07-21 23:46:55,508] {taskinstance.py:1571} INFO - Exporting the following env vars:
AIRFLOW_CTX_DAG_OWNER=***
AIRFLOW_CTX_DAG_ID=dag_digitalskola_finalproject
AIRFLOW_CTX_TASK_ID=insert_data_to_province_daily
AIRFLOW_CTX_EXECUTION_DATE=2023-07-21T23:46:17.846159+00:00
AIRFLOW_CTX_TRY_NUMBER=1
AIRFLOW_CTX_DAG_RUN_ID=manual__2023-07-21T23:46:17.846159+00:00
[2023-07-21 23:46:56,146] {transformer.py:22} INFO - GET DATA FROM TABLE covid_jabar SUCCESS
[2023-07-21 23:46:56,359] {transformer.py:28} INFO - GET DATA FROM TABLE dim_case SUCCESS
[2023-07-21 23:46:56,619] {transformer.py:143} INFO - DATA INSERTED SUCCESS TO TABLE province_daily
[2023-07-21 23:46:56,626] {python.py:173} INFO - Done. Returned value was: None
[2023-07-21 23:46:56,711] {taskinstance.py:1400} INFO - Marking task as SUCCESS. dag_id=dag_digitalskola_finalproject, task_id=insert_data_to_province_daily, execution_date=20230721T234617, start_date=20230721T234654, end_date=20230721T234656
[2023-07-21 23:46:56,886] {local_task_job.py:156} INFO - Task exited with return code 0
[2023-07-21 23:46:57,093] {local_task_job.py:273} INFO - 1 downstream tasks scheduled from follow-on schedule check
