[2023-07-21 18:22:35,945] {taskinstance.py:1159} INFO - Dependencies all met for <TaskInstance: dag_digitalskola_finalproject.fetch_covid_data manual__2023-07-21T18:22:30.061585+00:00 [queued]>
[2023-07-21 18:22:36,054] {taskinstance.py:1159} INFO - Dependencies all met for <TaskInstance: dag_digitalskola_finalproject.fetch_covid_data manual__2023-07-21T18:22:30.061585+00:00 [queued]>
[2023-07-21 18:22:36,061] {taskinstance.py:1356} INFO - 
--------------------------------------------------------------------------------
[2023-07-21 18:22:36,065] {taskinstance.py:1357} INFO - Starting attempt 1 of 1
[2023-07-21 18:22:36,067] {taskinstance.py:1358} INFO - 
--------------------------------------------------------------------------------
[2023-07-21 18:22:36,171] {taskinstance.py:1377} INFO - Executing <Task(PythonOperator): fetch_covid_data> on 2023-07-21 18:22:30.061585+00:00
[2023-07-21 18:22:36,251] {standard_task_runner.py:52} INFO - Started process 1983 to run task
[2023-07-21 18:22:36,316] {standard_task_runner.py:79} INFO - Running: ['***', 'tasks', 'run', 'dag_digitalskola_finalproject', 'fetch_covid_data', 'manual__2023-07-21T18:22:30.061585+00:00', '--job-id', '17', '--raw', '--subdir', 'DAGS_FOLDER/dag_digitalskola_finalproject.py', '--cfg-path', '/tmp/tmpa09mebsm', '--error-file', '/tmp/tmpddfz0t3d']
[2023-07-21 18:22:36,330] {standard_task_runner.py:80} INFO - Job 17: Subtask fetch_covid_data
[2023-07-21 18:22:37,071] {task_command.py:369} INFO - Running <TaskInstance: dag_digitalskola_finalproject.fetch_covid_data manual__2023-07-21T18:22:30.061585+00:00 [running]> on host 34be34978432
[2023-07-21 18:22:38,664] {taskinstance.py:1571} INFO - Exporting the following env vars:
AIRFLOW_CTX_DAG_OWNER=***
AIRFLOW_CTX_DAG_ID=dag_digitalskola_finalproject
AIRFLOW_CTX_TASK_ID=fetch_covid_data
AIRFLOW_CTX_EXECUTION_DATE=2023-07-21T18:22:30.061585+00:00
AIRFLOW_CTX_TRY_NUMBER=1
AIRFLOW_CTX_DAG_RUN_ID=manual__2023-07-21T18:22:30.061585+00:00
[2023-07-21 18:22:38,947] {covid_scraper.py:13} INFO - GET DATA FROM API COMPLETED
[2023-07-21 18:22:38,987] {covid_scraper.py:15} INFO - CONVERT DATA FROM API TO DATAFRAME COMPLETED
[2023-07-21 18:22:42,033] {dag_digitalskola_finalproject.py:42} INFO - DATA INSERTED SUCCESS TO MYSQL
[2023-07-21 18:22:42,036] {python.py:173} INFO - Done. Returned value was: None
[2023-07-21 18:22:42,168] {taskinstance.py:1400} INFO - Marking task as SUCCESS. dag_id=dag_digitalskola_finalproject, task_id=fetch_covid_data, execution_date=20230721T182230, start_date=20230721T182235, end_date=20230721T182242
[2023-07-21 18:22:42,401] {local_task_job.py:156} INFO - Task exited with return code 0
[2023-07-21 18:22:42,555] {local_task_job.py:273} INFO - 1 downstream tasks scheduled from follow-on schedule check
