[2023-07-21 19:01:34,360] {taskinstance.py:1159} INFO - Dependencies all met for <TaskInstance: dag_digitalskola_finalproject.fetch_covid_data manual__2023-07-21T19:01:28.067135+00:00 [queued]>
[2023-07-21 19:01:34,944] {taskinstance.py:1159} INFO - Dependencies all met for <TaskInstance: dag_digitalskola_finalproject.fetch_covid_data manual__2023-07-21T19:01:28.067135+00:00 [queued]>
[2023-07-21 19:01:34,958] {taskinstance.py:1356} INFO - 
--------------------------------------------------------------------------------
[2023-07-21 19:01:34,961] {taskinstance.py:1357} INFO - Starting attempt 1 of 1
[2023-07-21 19:01:35,034] {taskinstance.py:1358} INFO - 
--------------------------------------------------------------------------------
[2023-07-21 19:01:35,176] {taskinstance.py:1377} INFO - Executing <Task(PythonOperator): fetch_covid_data> on 2023-07-21 19:01:28.067135+00:00
[2023-07-21 19:01:35,211] {standard_task_runner.py:52} INFO - Started process 2480 to run task
[2023-07-21 19:01:35,257] {standard_task_runner.py:79} INFO - Running: ['***', 'tasks', 'run', 'dag_digitalskola_finalproject', 'fetch_covid_data', 'manual__2023-07-21T19:01:28.067135+00:00', '--job-id', '38', '--raw', '--subdir', 'DAGS_FOLDER/dag_digitalskola_finalproject.py', '--cfg-path', '/tmp/tmpxyn5cogp', '--error-file', '/tmp/tmp2bmpe3cm']
[2023-07-21 19:01:35,264] {standard_task_runner.py:80} INFO - Job 38: Subtask fetch_covid_data
[2023-07-21 19:01:36,098] {task_command.py:369} INFO - Running <TaskInstance: dag_digitalskola_finalproject.fetch_covid_data manual__2023-07-21T19:01:28.067135+00:00 [running]> on host 34be34978432
[2023-07-21 19:01:36,697] {taskinstance.py:1571} INFO - Exporting the following env vars:
AIRFLOW_CTX_DAG_OWNER=***
AIRFLOW_CTX_DAG_ID=dag_digitalskola_finalproject
AIRFLOW_CTX_TASK_ID=fetch_covid_data
AIRFLOW_CTX_EXECUTION_DATE=2023-07-21T19:01:28.067135+00:00
AIRFLOW_CTX_TRY_NUMBER=1
AIRFLOW_CTX_DAG_RUN_ID=manual__2023-07-21T19:01:28.067135+00:00
[2023-07-21 19:01:36,984] {covid_scraper.py:13} INFO - GET DATA FROM API COMPLETED
[2023-07-21 19:01:37,044] {covid_scraper.py:15} INFO - CONVERT DATA FROM API TO DATAFRAME COMPLETED
[2023-07-21 19:01:38,459] {dag_digitalskola_finalproject.py:42} INFO - DATA INSERTED SUCCESS TO MYSQL
[2023-07-21 19:01:38,462] {python.py:173} INFO - Done. Returned value was: None
[2023-07-21 19:01:38,626] {taskinstance.py:1400} INFO - Marking task as SUCCESS. dag_id=dag_digitalskola_finalproject, task_id=fetch_covid_data, execution_date=20230721T190128, start_date=20230721T190134, end_date=20230721T190138
[2023-07-21 19:01:38,781] {local_task_job.py:156} INFO - Task exited with return code 0
[2023-07-21 19:01:39,227] {local_task_job.py:273} INFO - 1 downstream tasks scheduled from follow-on schedule check
