[2023-07-21 18:55:51,952] {taskinstance.py:1159} INFO - Dependencies all met for <TaskInstance: dag_digitalskola_finalproject.insert_data_to_dwh manual__2023-07-21T18:55:40.030052+00:00 [queued]>
[2023-07-21 18:55:52,085] {taskinstance.py:1159} INFO - Dependencies all met for <TaskInstance: dag_digitalskola_finalproject.insert_data_to_dwh manual__2023-07-21T18:55:40.030052+00:00 [queued]>
[2023-07-21 18:55:52,088] {taskinstance.py:1356} INFO - 
--------------------------------------------------------------------------------
[2023-07-21 18:55:52,091] {taskinstance.py:1357} INFO - Starting attempt 1 of 1
[2023-07-21 18:55:52,110] {taskinstance.py:1358} INFO - 
--------------------------------------------------------------------------------
[2023-07-21 18:55:52,194] {taskinstance.py:1377} INFO - Executing <Task(PythonOperator): insert_data_to_dwh> on 2023-07-21 18:55:40.030052+00:00
[2023-07-21 18:55:52,241] {standard_task_runner.py:52} INFO - Started process 2395 to run task
[2023-07-21 18:55:52,347] {standard_task_runner.py:79} INFO - Running: ['***', 'tasks', 'run', 'dag_digitalskola_finalproject', 'insert_data_to_dwh', 'manual__2023-07-21T18:55:40.030052+00:00', '--job-id', '32', '--raw', '--subdir', 'DAGS_FOLDER/dag_digitalskola_finalproject.py', '--cfg-path', '/tmp/tmpuzkd8y0y', '--error-file', '/tmp/tmp8r3ybn6n']
[2023-07-21 18:55:52,355] {standard_task_runner.py:80} INFO - Job 32: Subtask insert_data_to_dwh
[2023-07-21 18:55:53,883] {task_command.py:369} INFO - Running <TaskInstance: dag_digitalskola_finalproject.insert_data_to_dwh manual__2023-07-21T18:55:40.030052+00:00 [running]> on host 34be34978432
[2023-07-21 18:55:57,895] {taskinstance.py:1571} INFO - Exporting the following env vars:
AIRFLOW_CTX_DAG_OWNER=***
AIRFLOW_CTX_DAG_ID=dag_digitalskola_finalproject
AIRFLOW_CTX_TASK_ID=insert_data_to_dwh
AIRFLOW_CTX_EXECUTION_DATE=2023-07-21T18:55:40.030052+00:00
AIRFLOW_CTX_TRY_NUMBER=1
AIRFLOW_CTX_DAG_RUN_ID=manual__2023-07-21T18:55:40.030052+00:00
[2023-07-21 18:55:58,082] {logging_mixin.py:115} INFO - POSTGRES
[2023-07-21 18:55:58,088] {python.py:173} INFO - Done. Returned value was: None
[2023-07-21 18:55:58,360] {taskinstance.py:1400} INFO - Marking task as SUCCESS. dag_id=dag_digitalskola_finalproject, task_id=insert_data_to_dwh, execution_date=20230721T185540, start_date=20230721T185551, end_date=20230721T185558
[2023-07-21 18:55:58,932] {local_task_job.py:156} INFO - Task exited with return code 0
[2023-07-21 18:55:59,502] {local_task_job.py:273} INFO - 0 downstream tasks scheduled from follow-on schedule check
